<?xml version="1.0" encoding="UTF-8"?>
<coverage generated="1581373543432" clover="3.2.0">
  <project timestamp="1581373543433" name="All files">
    <metrics statements="153" coveredstatements="76" conditionals="249" coveredconditionals="86" methods="52" coveredmethods="26" elements="454" coveredelements="188" complexity="0" loc="153" ncloc="153" packages="2" files="26" classes="26"/>
    <package name="components">
      <metrics statements="140" coveredstatements="63" conditionals="249" coveredconditionals="86" methods="52" coveredmethods="26"/>
      <file name="About.jsx" path="/Users/kennethwarren/hrr43/About/src/components/About.jsx">
        <metrics statements="27" coveredstatements="7" conditionals="10" coveredconditionals="0" methods="11" coveredmethods="2"/>
        <line num="16" count="5" type="stmt"/>
        <line num="17" count="5" type="stmt"/>
        <line num="130" count="5" type="stmt"/>
        <line num="131" count="5" type="stmt"/>
        <line num="132" count="5" type="stmt"/>
        <line num="133" count="5" type="stmt"/>
        <line num="137" count="0" type="stmt"/>
        <line num="138" count="0" type="stmt"/>
        <line num="140" count="0" type="stmt"/>
        <line num="141" count="0" type="stmt"/>
        <line num="143" count="0" type="cond" truecount="0" falsecount="2"/>
        <line num="144" count="0" type="stmt"/>
        <line num="146" count="0" type="stmt"/>
        <line num="256" count="0" type="stmt"/>
        <line num="258" count="0" type="stmt"/>
        <line num="369" count="0" type="stmt"/>
        <line num="373" count="0" type="cond" truecount="0" falsecount="2"/>
        <line num="374" count="0" type="stmt"/>
        <line num="375" count="0" type="cond" truecount="0" falsecount="2"/>
        <line num="376" count="0" type="stmt"/>
        <line num="381" count="0" type="cond" truecount="0" falsecount="2"/>
        <line num="382" count="0" type="stmt"/>
        <line num="383" count="0" type="cond" truecount="0" falsecount="2"/>
        <line num="384" count="0" type="stmt"/>
        <line num="389" count="0" type="stmt"/>
        <line num="393" count="0" type="stmt"/>
        <line num="398" count="2" type="stmt"/>
      </file>
      <file name="AboutCopy.jsx" path="/Users/kennethwarren/hrr43/About/src/components/AboutCopy.jsx">
        <metrics statements="11" coveredstatements="5" conditionals="6" coveredconditionals="1" methods="6" coveredmethods="2"/>
        <line num="8" count="7" type="stmt"/>
        <line num="9" count="7" type="stmt"/>
        <line num="13" count="7" type="stmt"/>
        <line num="14" count="7" type="stmt"/>
        <line num="19" count="0" type="cond" truecount="0" falsecount="2"/>
        <line num="20" count="0" type="stmt"/>
        <line num="22" count="0" type="stmt"/>
        <line num="27" count="0" type="stmt"/>
        <line num="32" count="0" type="cond" truecount="0" falsecount="2"/>
        <line num="34" count="0" type="stmt"/>
        <line num="45" count="4" type="stmt"/>
      </file>
      <file name="Carousel.jsx" path="/Users/kennethwarren/hrr43/About/src/components/Carousel.jsx">
        <metrics statements="23" coveredstatements="8" conditionals="18" coveredconditionals="4" methods="9" coveredmethods="2"/>
        <line num="6" count="7" type="stmt"/>
        <line num="7" count="7" type="stmt"/>
        <line num="13" count="7" type="stmt"/>
        <line num="14" count="7" type="stmt"/>
        <line num="15" count="7" type="stmt"/>
        <line num="16" count="7" type="stmt"/>
        <line num="17" count="7" type="stmt"/>
        <line num="22" count="0" type="cond" truecount="0" falsecount="2"/>
        <line num="23" count="0" type="stmt"/>
        <line num="31" count="0" type="stmt"/>
        <line num="35" count="0" type="stmt"/>
        <line num="40" count="0" type="cond" truecount="0" falsecount="2"/>
        <line num="41" count="0" type="stmt"/>
        <line num="43" count="0" type="stmt"/>
        <line num="45" count="0" type="stmt"/>
        <line num="50" count="0" type="cond" truecount="0" falsecount="2"/>
        <line num="51" count="0" type="stmt"/>
        <line num="53" count="0" type="stmt"/>
        <line num="55" count="0" type="stmt"/>
        <line num="59" count="0" type="stmt"/>
        <line num="60" count="0" type="stmt"/>
        <line num="64" count="4" type="stmt"/>
        <line num="87" count="0" type="stmt"/>
      </file>
      <file name="GoodToKnow.jsx" path="/Users/kennethwarren/hrr43/About/src/components/GoodToKnow.jsx">
        <metrics statements="8" coveredstatements="5" conditionals="4" coveredconditionals="2" methods="5" coveredmethods="2"/>
        <line num="8" count="7" type="stmt"/>
        <line num="9" count="7" type="stmt"/>
        <line num="12" count="7" type="stmt"/>
        <line num="13" count="7" type="stmt"/>
        <line num="17" count="0" type="stmt"/>
        <line num="21" count="0" type="stmt"/>
        <line num="25" count="4" type="stmt"/>
        <line num="45" count="0" type="stmt"/>
      </file>
      <file name="HotelClass.jsx" path="/Users/kennethwarren/hrr43/About/src/components/HotelClass.jsx">
        <metrics statements="18" coveredstatements="9" conditionals="12" coveredconditionals="3" methods="2" coveredmethods="2"/>
        <line num="7" count="9" type="stmt"/>
        <line num="11" count="6" type="stmt"/>
        <line num="12" count="6" type="stmt"/>
        <line num="13" count="6" type="stmt"/>
        <line num="14" count="6" type="stmt"/>
        <line num="16" count="6" type="cond" truecount="3" falsecount="9"/>
        <line num="18" count="2" type="stmt"/>
        <line num="20" count="0" type="stmt"/>
        <line num="30" count="2" type="stmt"/>
        <line num="40" count="0" type="stmt"/>
        <line num="50" count="0" type="stmt"/>
        <line num="60" count="0" type="stmt"/>
        <line num="70" count="0" type="stmt"/>
        <line num="80" count="0" type="stmt"/>
        <line num="90" count="0" type="stmt"/>
        <line num="100" count="0" type="stmt"/>
        <line num="110" count="0" type="stmt"/>
        <line num="120" count="2" type="stmt"/>
      </file>
      <file name="HotelLinks.jsx" path="/Users/kennethwarren/hrr43/About/src/components/HotelLinks.jsx">
        <metrics statements="2" coveredstatements="2" conditionals="2" coveredconditionals="1" methods="2" coveredmethods="2"/>
        <line num="6" count="7" type="stmt"/>
        <line num="10" count="4" type="stmt"/>
      </file>
      <file name="PropertyAmenities.jsx" path="/Users/kennethwarren/hrr43/About/src/components/PropertyAmenities.jsx">
        <metrics statements="5" coveredstatements="4" conditionals="18" coveredconditionals="9" methods="4" coveredmethods="2"/>
        <line num="8" count="7" type="stmt"/>
        <line num="9" count="7" type="stmt"/>
        <line num="22" count="7" type="stmt"/>
        <line num="26" count="0" type="stmt"/>
        <line num="30" count="4" type="stmt"/>
      </file>
      <file name="Ratings.jsx" path="/Users/kennethwarren/hrr43/About/src/components/Ratings.jsx">
        <metrics statements="13" coveredstatements="5" conditionals="5" coveredconditionals="1" methods="2" coveredmethods="2"/>
        <line num="8" count="7" type="stmt"/>
        <line num="13" count="4" type="cond" truecount="1" falsecount="4"/>
        <line num="15" count="2" type="stmt"/>
        <line num="16" count="2" type="stmt"/>
        <line num="18" count="0" type="stmt"/>
        <line num="19" count="0" type="stmt"/>
        <line num="21" count="0" type="stmt"/>
        <line num="22" count="0" type="stmt"/>
        <line num="24" count="0" type="stmt"/>
        <line num="25" count="0" type="stmt"/>
        <line num="27" count="0" type="stmt"/>
        <line num="28" count="0" type="stmt"/>
        <line num="31" count="4" type="stmt"/>
      </file>
      <file name="RatingsCircles.jsx" path="/Users/kennethwarren/hrr43/About/src/components/RatingsCircles.jsx">
        <metrics statements="15" coveredstatements="6" conditionals="34" coveredconditionals="6" methods="2" coveredmethods="2"/>
        <line num="7" count="25" type="stmt"/>
        <line num="11" count="22" type="stmt"/>
        <line num="13" count="22" type="cond" truecount="3" falsecount="9"/>
        <line num="15" count="10" type="stmt"/>
        <line num="17" count="0" type="stmt"/>
        <line num="41" count="10" type="stmt"/>
        <line num="68" count="0" type="stmt"/>
        <line num="95" count="0" type="stmt"/>
        <line num="125" count="0" type="stmt"/>
        <line num="155" count="0" type="stmt"/>
        <line num="188" count="0" type="stmt"/>
        <line num="221" count="0" type="stmt"/>
        <line num="257" count="0" type="stmt"/>
        <line num="293" count="0" type="stmt"/>
        <line num="332" count="2" type="stmt"/>
      </file>
      <file name="RoomFeatures.jsx" path="/Users/kennethwarren/hrr43/About/src/components/RoomFeatures.jsx">
        <metrics statements="3" coveredstatements="3" conditionals="16" coveredconditionals="8" methods="2" coveredmethods="2"/>
        <line num="6" count="7" type="stmt"/>
        <line num="7" count="7" type="stmt"/>
        <line num="13" count="4" type="stmt"/>
      </file>
      <file name="RoomTypes.jsx" path="/Users/kennethwarren/hrr43/About/src/components/RoomTypes.jsx">
        <metrics statements="3" coveredstatements="3" conditionals="8" coveredconditionals="4" methods="2" coveredmethods="2"/>
        <line num="6" count="7" type="stmt"/>
        <line num="7" count="7" type="stmt"/>
        <line num="13" count="4" type="stmt"/>
      </file>
      <file name="ShowMore.jsx" path="/Users/kennethwarren/hrr43/About/src/components/ShowMore.jsx">
        <metrics statements="10" coveredstatements="4" conditionals="106" coveredconditionals="39" methods="3" coveredmethods="2"/>
        <line num="7" count="5" type="stmt"/>
        <line num="8" count="5" type="stmt"/>
        <line num="61" count="5" type="stmt"/>
        <line num="65" count="0" type="cond" truecount="0" falsecount="2"/>
        <line num="66" count="0" type="stmt"/>
        <line num="67" count="0" type="cond" truecount="0" falsecount="2"/>
        <line num="68" count="0" type="stmt"/>
        <line num="69" count="0" type="cond" truecount="0" falsecount="2"/>
        <line num="70" count="0" type="stmt"/>
        <line num="75" count="2" type="stmt"/>
      </file>
      <file name="Superlatives.jsx" path="/Users/kennethwarren/hrr43/About/src/components/Superlatives.jsx">
        <metrics statements="2" coveredstatements="2" conditionals="10" coveredconditionals="8" methods="2" coveredmethods="2"/>
        <line num="6" count="7" type="stmt"/>
        <line num="10" count="4" type="stmt"/>
      </file>
    </package>
    <package name="css">
      <metrics statements="13" coveredstatements="13" conditionals="0" coveredconditionals="0" methods="0" coveredmethods="0"/>
      <file name="AboutCSS.js" path="/Users/kennethwarren/hrr43/About/src/css/AboutCSS.js">
        <metrics statements="1" coveredstatements="1" conditionals="0" coveredconditionals="0" methods="0" coveredmethods="0"/>
        <line num="4" count="2" type="stmt"/>
      </file>
      <file name="AboutCopyCSS.js" path="/Users/kennethwarren/hrr43/About/src/css/AboutCopyCSS.js">
        <metrics statements="1" coveredstatements="1" conditionals="0" coveredconditionals="0" methods="0" coveredmethods="0"/>
        <line num="3" count="3" type="stmt"/>
      </file>
      <file name="CarouselCSS.js" path="/Users/kennethwarren/hrr43/About/src/css/CarouselCSS.js">
        <metrics statements="1" coveredstatements="1" conditionals="0" coveredconditionals="0" methods="0" coveredmethods="0"/>
        <line num="3" count="3" type="stmt"/>
      </file>
      <file name="GoodToKnowCSS.js" path="/Users/kennethwarren/hrr43/About/src/css/GoodToKnowCSS.js">
        <metrics statements="1" coveredstatements="1" conditionals="0" coveredconditionals="0" methods="0" coveredmethods="0"/>
        <line num="3" count="3" type="stmt"/>
      </file>
      <file name="HotelClassCSS.js" path="/Users/kennethwarren/hrr43/About/src/css/HotelClassCSS.js">
        <metrics statements="1" coveredstatements="1" conditionals="0" coveredconditionals="0" methods="0" coveredmethods="0"/>
        <line num="3" count="4" type="stmt"/>
      </file>
      <file name="HotelLinksCSS.js" path="/Users/kennethwarren/hrr43/About/src/css/HotelLinksCSS.js">
        <metrics statements="1" coveredstatements="1" conditionals="0" coveredconditionals="0" methods="0" coveredmethods="0"/>
        <line num="3" count="3" type="stmt"/>
      </file>
      <file name="PropertyAmenitiesCSS.js" path="/Users/kennethwarren/hrr43/About/src/css/PropertyAmenitiesCSS.js">
        <metrics statements="1" coveredstatements="1" conditionals="0" coveredconditionals="0" methods="0" coveredmethods="0"/>
        <line num="3" count="3" type="stmt"/>
      </file>
      <file name="RatingsCSS.js" path="/Users/kennethwarren/hrr43/About/src/css/RatingsCSS.js">
        <metrics statements="1" coveredstatements="1" conditionals="0" coveredconditionals="0" methods="0" coveredmethods="0"/>
        <line num="3" count="3" type="stmt"/>
      </file>
      <file name="RatingsCirclesCSS.js" path="/Users/kennethwarren/hrr43/About/src/css/RatingsCirclesCSS.js">
        <metrics statements="1" coveredstatements="1" conditionals="0" coveredconditionals="0" methods="0" coveredmethods="0"/>
        <line num="3" count="4" type="stmt"/>
      </file>
      <file name="RoomFeaturesCSS.js" path="/Users/kennethwarren/hrr43/About/src/css/RoomFeaturesCSS.js">
        <metrics statements="1" coveredstatements="1" conditionals="0" coveredconditionals="0" methods="0" coveredmethods="0"/>
        <line num="3" count="3" type="stmt"/>
      </file>
      <file name="RoomTypesCSS.js" path="/Users/kennethwarren/hrr43/About/src/css/RoomTypesCSS.js">
        <metrics statements="1" coveredstatements="1" conditionals="0" coveredconditionals="0" methods="0" coveredmethods="0"/>
        <line num="3" count="3" type="stmt"/>
      </file>
      <file name="ShowMoreCSS.js" path="/Users/kennethwarren/hrr43/About/src/css/ShowMoreCSS.js">
        <metrics statements="1" coveredstatements="1" conditionals="0" coveredconditionals="0" methods="0" coveredmethods="0"/>
        <line num="3" count="4" type="stmt"/>
      </file>
      <file name="SuperlativesCSS.js" path="/Users/kennethwarren/hrr43/About/src/css/SuperlativesCSS.js">
        <metrics statements="1" coveredstatements="1" conditionals="0" coveredconditionals="0" methods="0" coveredmethods="0"/>
        <line num="5" count="3" type="stmt"/>
      </file>
    </package>
  </project>
</coverage>
