{"/Users/kennethwarren/hrr43/About/src/components/About.jsx": {"path":"/Users/kennethwarren/hrr43/About/src/components/About.jsx","statementMap":{"0":{"start":{"line":16,"column":4},"end":{"line":16,"column":17}},"1":{"start":{"line":17,"column":4},"end":{"line":129,"column":6}},"2":{"start":{"line":130,"column":4},"end":{"line":130,"column":81}},"3":{"start":{"line":131,"column":4},"end":{"line":131,"column":79}},"4":{"start":{"line":132,"column":4},"end":{"line":132,"column":93}},"5":{"start":{"line":133,"column":4},"end":{"line":133,"column":91}},"6":{"start":{"line":137,"column":14},"end":{"line":137,"column":49}},"7":{"start":{"line":138,"column":13},"end":{"line":138,"column":19}},"8":{"start":{"line":140,"column":4},"end":{"line":369,"column":78}},"9":{"start":{"line":141,"column":20},"end":{"line":141,"column":31}},"10":{"start":{"line":143,"column":8},"end":{"line":147,"column":9}},"11":{"start":{"line":144,"column":10},"end":{"line":144,"column":30}},"12":{"start":{"line":146,"column":10},"end":{"line":146,"column":25}},"13":{"start":{"line":256,"column":12},"end":{"line":256,"column":16}},"14":{"start":{"line":258,"column":8},"end":{"line":367,"column":11}},"15":{"start":{"line":369,"column":20},"end":{"line":369,"column":76}},"16":{"start":{"line":373,"column":4},"end":{"line":377,"column":5}},"17":{"start":{"line":374,"column":6},"end":{"line":374,"column":38}},"18":{"start":{"line":375,"column":11},"end":{"line":377,"column":5}},"19":{"start":{"line":376,"column":6},"end":{"line":376,"column":47}},"20":{"start":{"line":381,"column":4},"end":{"line":385,"column":5}},"21":{"start":{"line":382,"column":6},"end":{"line":382,"column":39}},"22":{"start":{"line":383,"column":11},"end":{"line":385,"column":5}},"23":{"start":{"line":384,"column":6},"end":{"line":384,"column":69}},"24":{"start":{"line":384,"column":23},"end":{"line":384,"column":64}},"25":{"start":{"line":389,"column":4},"end":{"line":389,"column":50}},"26":{"start":{"line":393,"column":4},"end":{"line":393,"column":51}},"27":{"start":{"line":398,"column":4},"end":{"line":590,"column":6}}},"fnMap":{"0":{"name":"(anonymous_0)","decl":{"start":{"line":15,"column":2},"end":{"line":15,"column":3}},"loc":{"start":{"line":15,"column":21},"end":{"line":134,"column":3}},"line":15},"1":{"name":"(anonymous_1)","decl":{"start":{"line":136,"column":2},"end":{"line":136,"column":3}},"loc":{"start":{"line":136,"column":22},"end":{"line":370,"column":3}},"line":136},"2":{"name":"(anonymous_2)","decl":{"start":{"line":141,"column":12},"end":{"line":141,"column":13}},"loc":{"start":{"line":141,"column":20},"end":{"line":141,"column":31}},"line":141},"3":{"name":"(anonymous_3)","decl":{"start":{"line":142,"column":12},"end":{"line":142,"column":13}},"loc":{"start":{"line":142,"column":20},"end":{"line":368,"column":7}},"line":142},"4":{"name":"(anonymous_4)","decl":{"start":{"line":369,"column":13},"end":{"line":369,"column":14}},"loc":{"start":{"line":369,"column":20},"end":{"line":369,"column":76}},"line":369},"5":{"name":"(anonymous_5)","decl":{"start":{"line":372,"column":2},"end":{"line":372,"column":3}},"loc":{"start":{"line":372,"column":32},"end":{"line":378,"column":3}},"line":372},"6":{"name":"(anonymous_6)","decl":{"start":{"line":380,"column":2},"end":{"line":380,"column":3}},"loc":{"start":{"line":380,"column":31},"end":{"line":386,"column":3}},"line":380},"7":{"name":"(anonymous_7)","decl":{"start":{"line":384,"column":17},"end":{"line":384,"column":18}},"loc":{"start":{"line":384,"column":23},"end":{"line":384,"column":64}},"line":384},"8":{"name":"(anonymous_8)","decl":{"start":{"line":388,"column":2},"end":{"line":388,"column":3}},"loc":{"start":{"line":388,"column":38},"end":{"line":390,"column":3}},"line":388},"9":{"name":"(anonymous_9)","decl":{"start":{"line":392,"column":2},"end":{"line":392,"column":3}},"loc":{"start":{"line":392,"column":37},"end":{"line":394,"column":3}},"line":392},"10":{"name":"(anonymous_10)","decl":{"start":{"line":396,"column":2},"end":{"line":396,"column":3}},"loc":{"start":{"line":396,"column":11},"end":{"line":591,"column":3}},"line":396}},"branchMap":{"0":{"loc":{"start":{"line":143,"column":8},"end":{"line":147,"column":9}},"type":"if","locations":[{"start":{"line":143,"column":8},"end":{"line":147,"column":9}},{"start":{"line":143,"column":8},"end":{"line":147,"column":9}}],"line":143},"1":{"loc":{"start":{"line":373,"column":4},"end":{"line":377,"column":5}},"type":"if","locations":[{"start":{"line":373,"column":4},"end":{"line":377,"column":5}},{"start":{"line":373,"column":4},"end":{"line":377,"column":5}}],"line":373},"2":{"loc":{"start":{"line":375,"column":11},"end":{"line":377,"column":5}},"type":"if","locations":[{"start":{"line":375,"column":11},"end":{"line":377,"column":5}},{"start":{"line":375,"column":11},"end":{"line":377,"column":5}}],"line":375},"3":{"loc":{"start":{"line":381,"column":4},"end":{"line":385,"column":5}},"type":"if","locations":[{"start":{"line":381,"column":4},"end":{"line":385,"column":5}},{"start":{"line":381,"column":4},"end":{"line":385,"column":5}}],"line":381},"4":{"loc":{"start":{"line":383,"column":11},"end":{"line":385,"column":5}},"type":"if","locations":[{"start":{"line":383,"column":11},"end":{"line":385,"column":5}},{"start":{"line":383,"column":11},"end":{"line":385,"column":5}}],"line":383}},"s":{"0":5,"1":5,"2":5,"3":5,"4":5,"5":5,"6":0,"7":0,"8":0,"9":0,"10":0,"11":0,"12":0,"13":0,"14":0,"15":0,"16":0,"17":0,"18":0,"19":0,"20":0,"21":0,"22":0,"23":0,"24":0,"25":0,"26":0,"27":2},"f":{"0":5,"1":0,"2":0,"3":0,"4":0,"5":0,"6":0,"7":0,"8":0,"9":0,"10":2},"b":{"0":[0,0],"1":[0,0],"2":[0,0],"3":[0,0],"4":[0,0]},"_coverageSchema":"1a1c01bbd47fc00a2c39e90264f33305004495a9","hash":"dffc23cdb2f5917649adc2439017d3a8e9d0187c"}
,"/Users/kennethwarren/hrr43/About/src/components/AboutCopy.jsx": {"path":"/Users/kennethwarren/hrr43/About/src/components/AboutCopy.jsx","statementMap":{"0":{"start":{"line":8,"column":4},"end":{"line":8,"column":17}},"1":{"start":{"line":9,"column":4},"end":{"line":12,"column":6}},"2":{"start":{"line":13,"column":4},"end":{"line":13,"column":57}},"3":{"start":{"line":14,"column":4},"end":{"line":14,"column":79}},"4":{"start":{"line":19,"column":4},"end":{"line":26,"column":5}},"5":{"start":{"line":20,"column":6},"end":{"line":20,"column":21}},"6":{"start":{"line":22,"column":6},"end":{"line":25,"column":8}},"7":{"start":{"line":27,"column":4},"end":{"line":27,"column":76}},"8":{"start":{"line":27,"column":32},"end":{"line":27,"column":73}},"9":{"start":{"line":32,"column":4},"end":{"line":41,"column":5}},"10":{"start":{"line":34,"column":6},"end":{"line":40,"column":10}},"11":{"start":{"line":34,"column":34},"end":{"line":40,"column":7}},"12":{"start":{"line":45,"column":4},"end":{"line":63,"column":6}}},"fnMap":{"0":{"name":"(anonymous_0)","decl":{"start":{"line":7,"column":2},"end":{"line":7,"column":3}},"loc":{"start":{"line":7,"column":21},"end":{"line":15,"column":3}},"line":7},"1":{"name":"(anonymous_1)","decl":{"start":{"line":17,"column":2},"end":{"line":17,"column":3}},"loc":{"start":{"line":17,"column":19},"end":{"line":28,"column":3}},"line":17},"2":{"name":"(anonymous_2)","decl":{"start":{"line":27,"column":18},"end":{"line":27,"column":19}},"loc":{"start":{"line":27,"column":32},"end":{"line":27,"column":73}},"line":27},"3":{"name":"(anonymous_3)","decl":{"start":{"line":30,"column":2},"end":{"line":30,"column":3}},"loc":{"start":{"line":30,"column":30},"end":{"line":42,"column":3}},"line":30},"4":{"name":"(anonymous_4)","decl":{"start":{"line":34,"column":20},"end":{"line":34,"column":21}},"loc":{"start":{"line":34,"column":34},"end":{"line":40,"column":7}},"line":34},"5":{"name":"(anonymous_5)","decl":{"start":{"line":44,"column":2},"end":{"line":44,"column":3}},"loc":{"start":{"line":44,"column":11},"end":{"line":64,"column":3}},"line":44}},"branchMap":{"0":{"loc":{"start":{"line":19,"column":4},"end":{"line":26,"column":5}},"type":"if","locations":[{"start":{"line":19,"column":4},"end":{"line":26,"column":5}},{"start":{"line":19,"column":4},"end":{"line":26,"column":5}}],"line":19},"1":{"loc":{"start":{"line":32,"column":4},"end":{"line":41,"column":5}},"type":"if","locations":[{"start":{"line":32,"column":4},"end":{"line":41,"column":5}},{"start":{"line":32,"column":4},"end":{"line":41,"column":5}}],"line":32},"2":{"loc":{"start":{"line":51,"column":9},"end":{"line":59,"column":28}},"type":"cond-expr","locations":[{"start":{"line":53,"column":10},"end":{"line":55,"column":28}},{"start":{"line":57,"column":10},"end":{"line":59,"column":28}}],"line":51}},"s":{"0":7,"1":7,"2":7,"3":7,"4":0,"5":0,"6":0,"7":0,"8":0,"9":0,"10":0,"11":0,"12":4},"f":{"0":7,"1":0,"2":0,"3":0,"4":0,"5":4},"b":{"0":[0,0],"1":[0,0],"2":[0,4]},"_coverageSchema":"1a1c01bbd47fc00a2c39e90264f33305004495a9","hash":"50086814f43f8cf64b220b275df2834caf668827"}
,"/Users/kennethwarren/hrr43/About/src/components/Carousel.jsx": {"path":"/Users/kennethwarren/hrr43/About/src/components/Carousel.jsx","statementMap":{"0":{"start":{"line":6,"column":4},"end":{"line":6,"column":17}},"1":{"start":{"line":7,"column":4},"end":{"line":12,"column":6}},"2":{"start":{"line":13,"column":4},"end":{"line":13,"column":73}},"3":{"start":{"line":14,"column":4},"end":{"line":14,"column":77}},"4":{"start":{"line":15,"column":4},"end":{"line":15,"column":79}},"5":{"start":{"line":16,"column":4},"end":{"line":16,"column":63}},"6":{"start":{"line":17,"column":4},"end":{"line":17,"column":65}},"7":{"start":{"line":22,"column":4},"end":{"line":27,"column":5}},"8":{"start":{"line":23,"column":6},"end":{"line":26,"column":9}},"9":{"start":{"line":31,"column":4},"end":{"line":31,"column":42}},"10":{"start":{"line":35,"column":4},"end":{"line":35,"column":43}},"11":{"start":{"line":40,"column":4},"end":{"line":44,"column":5}},"12":{"start":{"line":41,"column":6},"end":{"line":41,"column":12}},"13":{"start":{"line":43,"column":6},"end":{"line":43,"column":40}},"14":{"start":{"line":45,"column":4},"end":{"line":45,"column":72}},"15":{"start":{"line":50,"column":4},"end":{"line":54,"column":5}},"16":{"start":{"line":51,"column":6},"end":{"line":51,"column":12}},"17":{"start":{"line":53,"column":6},"end":{"line":53,"column":40}},"18":{"start":{"line":55,"column":4},"end":{"line":55,"column":72}},"19":{"start":{"line":59,"column":12},"end":{"line":59,"column":48}},"20":{"start":{"line":60,"column":4},"end":{"line":60,"column":72}},"21":{"start":{"line":64,"column":4},"end":{"line":106,"column":6}},"22":{"start":{"line":87,"column":12},"end":{"line":100,"column":14}}},"fnMap":{"0":{"name":"(anonymous_0)","decl":{"start":{"line":5,"column":2},"end":{"line":5,"column":3}},"loc":{"start":{"line":5,"column":21},"end":{"line":18,"column":3}},"line":5},"1":{"name":"(anonymous_1)","decl":{"start":{"line":20,"column":2},"end":{"line":20,"column":3}},"loc":{"start":{"line":20,"column":43},"end":{"line":28,"column":3}},"line":20},"2":{"name":"(anonymous_2)","decl":{"start":{"line":30,"column":2},"end":{"line":30,"column":3}},"loc":{"start":{"line":30,"column":29},"end":{"line":32,"column":3}},"line":30},"3":{"name":"(anonymous_3)","decl":{"start":{"line":34,"column":2},"end":{"line":34,"column":3}},"loc":{"start":{"line":34,"column":30},"end":{"line":36,"column":3}},"line":34},"4":{"name":"(anonymous_4)","decl":{"start":{"line":38,"column":2},"end":{"line":38,"column":3}},"loc":{"start":{"line":38,"column":22},"end":{"line":46,"column":3}},"line":38},"5":{"name":"(anonymous_5)","decl":{"start":{"line":48,"column":2},"end":{"line":48,"column":3}},"loc":{"start":{"line":48,"column":23},"end":{"line":56,"column":3}},"line":48},"6":{"name":"(anonymous_6)","decl":{"start":{"line":58,"column":2},"end":{"line":58,"column":3}},"loc":{"start":{"line":58,"column":28},"end":{"line":61,"column":3}},"line":58},"7":{"name":"(anonymous_7)","decl":{"start":{"line":63,"column":2},"end":{"line":63,"column":3}},"loc":{"start":{"line":63,"column":11},"end":{"line":107,"column":3}},"line":63},"8":{"name":"(anonymous_8)","decl":{"start":{"line":86,"column":33},"end":{"line":86,"column":34}},"loc":{"start":{"line":87,"column":12},"end":{"line":100,"column":14}},"line":87}},"branchMap":{"0":{"loc":{"start":{"line":22,"column":4},"end":{"line":27,"column":5}},"type":"if","locations":[{"start":{"line":22,"column":4},"end":{"line":27,"column":5}},{"start":{"line":22,"column":4},"end":{"line":27,"column":5}}],"line":22},"1":{"loc":{"start":{"line":40,"column":4},"end":{"line":44,"column":5}},"type":"if","locations":[{"start":{"line":40,"column":4},"end":{"line":44,"column":5}},{"start":{"line":40,"column":4},"end":{"line":44,"column":5}}],"line":40},"2":{"loc":{"start":{"line":50,"column":4},"end":{"line":54,"column":5}},"type":"if","locations":[{"start":{"line":50,"column":4},"end":{"line":54,"column":5}},{"start":{"line":50,"column":4},"end":{"line":54,"column":5}}],"line":50},"3":{"loc":{"start":{"line":69,"column":37},"end":{"line":69,"column":63}},"type":"binary-expr","locations":[{"start":{"line":69,"column":37},"end":{"line":69,"column":57}},{"start":{"line":69,"column":61},"end":{"line":69,"column":63}}],"line":69},"4":{"loc":{"start":{"line":76,"column":13},"end":{"line":77,"column":127}},"type":"binary-expr","locations":[{"start":{"line":76,"column":13},"end":{"line":76,"column":38}},{"start":{"line":76,"column":42},"end":{"line":76,"column":73}},{"start":{"line":77,"column":14},"end":{"line":77,"column":127}}],"line":76},"5":{"loc":{"start":{"line":79,"column":13},"end":{"line":80,"column":131}},"type":"binary-expr","locations":[{"start":{"line":79,"column":13},"end":{"line":79,"column":38}},{"start":{"line":79,"column":42},"end":{"line":79,"column":73}},{"start":{"line":80,"column":14},"end":{"line":80,"column":131}}],"line":79},"6":{"loc":{"start":{"line":91,"column":41},"end":{"line":91,"column":67}},"type":"binary-expr","locations":[{"start":{"line":91,"column":41},"end":{"line":91,"column":61}},{"start":{"line":91,"column":65},"end":{"line":91,"column":67}}],"line":91},"7":{"loc":{"start":{"line":97,"column":27},"end":{"line":97,"column":99}},"type":"cond-expr","locations":[{"start":{"line":97,"column":61},"end":{"line":97,"column":79}},{"start":{"line":97,"column":82},"end":{"line":97,"column":99}}],"line":97}},"s":{"0":7,"1":7,"2":7,"3":7,"4":7,"5":7,"6":7,"7":0,"8":0,"9":0,"10":0,"11":0,"12":0,"13":0,"14":0,"15":0,"16":0,"17":0,"18":0,"19":0,"20":0,"21":4,"22":0},"f":{"0":7,"1":0,"2":0,"3":0,"4":0,"5":0,"6":0,"7":4,"8":0},"b":{"0":[0,0],"1":[0,0],"2":[0,0],"3":[4,4],"4":[4,0,0],"5":[4,0,0],"6":[0,0],"7":[0,0]},"_coverageSchema":"1a1c01bbd47fc00a2c39e90264f33305004495a9","hash":"2bc84587c048d22858819e26218ffe0eb28a5c0f"}
,"/Users/kennethwarren/hrr43/About/src/components/GoodToKnow.jsx": {"path":"/Users/kennethwarren/hrr43/About/src/components/GoodToKnow.jsx","statementMap":{"0":{"start":{"line":8,"column":4},"end":{"line":8,"column":17}},"1":{"start":{"line":9,"column":4},"end":{"line":11,"column":6}},"2":{"start":{"line":12,"column":4},"end":{"line":12,"column":67}},"3":{"start":{"line":13,"column":4},"end":{"line":13,"column":69}},"4":{"start":{"line":17,"column":4},"end":{"line":17,"column":37}},"5":{"start":{"line":21,"column":4},"end":{"line":21,"column":38}},"6":{"start":{"line":25,"column":4},"end":{"line":50,"column":6}},"7":{"start":{"line":45,"column":67},"end":{"line":45,"column":126}}},"fnMap":{"0":{"name":"(anonymous_0)","decl":{"start":{"line":7,"column":2},"end":{"line":7,"column":3}},"loc":{"start":{"line":7,"column":21},"end":{"line":14,"column":3}},"line":7},"1":{"name":"(anonymous_1)","decl":{"start":{"line":16,"column":2},"end":{"line":16,"column":3}},"loc":{"start":{"line":16,"column":24},"end":{"line":18,"column":3}},"line":16},"2":{"name":"(anonymous_2)","decl":{"start":{"line":20,"column":2},"end":{"line":20,"column":3}},"loc":{"start":{"line":20,"column":25},"end":{"line":22,"column":3}},"line":20},"3":{"name":"(anonymous_3)","decl":{"start":{"line":24,"column":2},"end":{"line":24,"column":3}},"loc":{"start":{"line":24,"column":11},"end":{"line":51,"column":3}},"line":24},"4":{"name":"(anonymous_4)","decl":{"start":{"line":45,"column":50},"end":{"line":45,"column":51}},"loc":{"start":{"line":45,"column":67},"end":{"line":45,"column":126}},"line":45}},"branchMap":{"0":{"loc":{"start":{"line":29,"column":9},"end":{"line":35,"column":14}},"type":"cond-expr","locations":[{"start":{"line":30,"column":10},"end":{"line":34,"column":29}},{"start":{"line":35,"column":10},"end":{"line":35,"column":14}}],"line":29},"1":{"loc":{"start":{"line":44,"column":11},"end":{"line":46,"column":16}},"type":"cond-expr","locations":[{"start":{"line":45,"column":12},"end":{"line":45,"column":127}},{"start":{"line":46,"column":12},"end":{"line":46,"column":16}}],"line":44}},"s":{"0":7,"1":7,"2":7,"3":7,"4":0,"5":0,"6":4,"7":0},"f":{"0":7,"1":0,"2":0,"3":4,"4":0},"b":{"0":[0,4],"1":[0,4]},"_coverageSchema":"1a1c01bbd47fc00a2c39e90264f33305004495a9","hash":"73e58b3a03269d451c871cb7c73b753d2f25b155"}
,"/Users/kennethwarren/hrr43/About/src/components/HotelClass.jsx": {"path":"/Users/kennethwarren/hrr43/About/src/components/HotelClass.jsx","statementMap":{"0":{"start":{"line":7,"column":4},"end":{"line":7,"column":17}},"1":{"start":{"line":11,"column":17},"end":{"line":11,"column":30}},"2":{"start":{"line":12,"column":17},"end":{"line":12,"column":39}},"3":{"start":{"line":13,"column":19},"end":{"line":13,"column":32}},"4":{"start":{"line":14,"column":14},"end":{"line":14,"column":35}},"5":{"start":{"line":16,"column":4},"end":{"line":129,"column":5}},"6":{"start":{"line":18,"column":6},"end":{"line":18,"column":18}},"7":{"start":{"line":20,"column":6},"end":{"line":28,"column":8}},"8":{"start":{"line":30,"column":6},"end":{"line":38,"column":8}},"9":{"start":{"line":40,"column":6},"end":{"line":48,"column":8}},"10":{"start":{"line":50,"column":6},"end":{"line":58,"column":8}},"11":{"start":{"line":60,"column":6},"end":{"line":68,"column":8}},"12":{"start":{"line":70,"column":6},"end":{"line":78,"column":8}},"13":{"start":{"line":80,"column":6},"end":{"line":88,"column":8}},"14":{"start":{"line":90,"column":6},"end":{"line":98,"column":8}},"15":{"start":{"line":100,"column":6},"end":{"line":108,"column":8}},"16":{"start":{"line":110,"column":6},"end":{"line":118,"column":8}},"17":{"start":{"line":120,"column":6},"end":{"line":128,"column":8}}},"fnMap":{"0":{"name":"(anonymous_0)","decl":{"start":{"line":6,"column":2},"end":{"line":6,"column":3}},"loc":{"start":{"line":6,"column":21},"end":{"line":8,"column":3}},"line":6},"1":{"name":"(anonymous_1)","decl":{"start":{"line":10,"column":2},"end":{"line":10,"column":3}},"loc":{"start":{"line":10,"column":11},"end":{"line":130,"column":3}},"line":10}},"branchMap":{"0":{"loc":{"start":{"line":16,"column":4},"end":{"line":129,"column":5}},"type":"switch","locations":[{"start":{"line":17,"column":4},"end":{"line":18,"column":18}},{"start":{"line":19,"column":4},"end":{"line":28,"column":8}},{"start":{"line":29,"column":4},"end":{"line":38,"column":8}},{"start":{"line":39,"column":4},"end":{"line":48,"column":8}},{"start":{"line":49,"column":4},"end":{"line":58,"column":8}},{"start":{"line":59,"column":4},"end":{"line":68,"column":8}},{"start":{"line":69,"column":4},"end":{"line":78,"column":8}},{"start":{"line":79,"column":4},"end":{"line":88,"column":8}},{"start":{"line":89,"column":4},"end":{"line":98,"column":8}},{"start":{"line":99,"column":4},"end":{"line":108,"column":8}},{"start":{"line":109,"column":4},"end":{"line":118,"column":8}},{"start":{"line":119,"column":4},"end":{"line":128,"column":8}}],"line":16}},"s":{"0":9,"1":6,"2":6,"3":6,"4":6,"5":6,"6":2,"7":0,"8":2,"9":0,"10":0,"11":0,"12":0,"13":0,"14":0,"15":0,"16":0,"17":2},"f":{"0":9,"1":6},"b":{"0":[2,0,2,0,0,0,0,0,0,0,0,2]},"_coverageSchema":"1a1c01bbd47fc00a2c39e90264f33305004495a9","hash":"367d9e184037029fae559cb5646c6872dc0201b7"}
,"/Users/kennethwarren/hrr43/About/src/components/HotelLinks.jsx": {"path":"/Users/kennethwarren/hrr43/About/src/components/HotelLinks.jsx","statementMap":{"0":{"start":{"line":6,"column":4},"end":{"line":6,"column":17}},"1":{"start":{"line":10,"column":4},"end":{"line":30,"column":6}}},"fnMap":{"0":{"name":"(anonymous_0)","decl":{"start":{"line":5,"column":2},"end":{"line":5,"column":3}},"loc":{"start":{"line":5,"column":21},"end":{"line":7,"column":3}},"line":5},"1":{"name":"(anonymous_1)","decl":{"start":{"line":9,"column":2},"end":{"line":9,"column":3}},"loc":{"start":{"line":9,"column":11},"end":{"line":31,"column":3}},"line":9}},"branchMap":{"0":{"loc":{"start":{"line":18,"column":11},"end":{"line":22,"column":16}},"type":"cond-expr","locations":[{"start":{"line":19,"column":12},"end":{"line":21,"column":23}},{"start":{"line":22,"column":12},"end":{"line":22,"column":16}}],"line":18}},"s":{"0":7,"1":4},"f":{"0":7,"1":4},"b":{"0":[0,4]},"_coverageSchema":"1a1c01bbd47fc00a2c39e90264f33305004495a9","hash":"d300aa8a28232d76f3ea03565180cd0fc6ba2d3b"}
,"/Users/kennethwarren/hrr43/About/src/components/PropertyAmenities.jsx": {"path":"/Users/kennethwarren/hrr43/About/src/components/PropertyAmenities.jsx","statementMap":{"0":{"start":{"line":8,"column":4},"end":{"line":8,"column":17}},"1":{"start":{"line":9,"column":4},"end":{"line":21,"column":6}},"2":{"start":{"line":22,"column":4},"end":{"line":22,"column":55}},"3":{"start":{"line":26,"column":4},"end":{"line":26,"column":60}},"4":{"start":{"line":26,"column":32},"end":{"line":26,"column":57}},"5":{"start":{"line":30,"column":4},"end":{"line":188,"column":6}}},"fnMap":{"0":{"name":"(anonymous_0)","decl":{"start":{"line":7,"column":2},"end":{"line":7,"column":3}},"loc":{"start":{"line":7,"column":21},"end":{"line":23,"column":3}},"line":7},"1":{"name":"(anonymous_1)","decl":{"start":{"line":25,"column":2},"end":{"line":25,"column":3}},"loc":{"start":{"line":25,"column":18},"end":{"line":27,"column":3}},"line":25},"2":{"name":"(anonymous_2)","decl":{"start":{"line":26,"column":18},"end":{"line":26,"column":19}},"loc":{"start":{"line":26,"column":32},"end":{"line":26,"column":57}},"line":26},"3":{"name":"(anonymous_3)","decl":{"start":{"line":29,"column":2},"end":{"line":29,"column":3}},"loc":{"start":{"line":29,"column":11},"end":{"line":189,"column":3}},"line":29}},"branchMap":{"0":{"loc":{"start":{"line":34,"column":11},"end":{"line":38,"column":16}},"type":"cond-expr","locations":[{"start":{"line":35,"column":12},"end":{"line":37,"column":18}},{"start":{"line":38,"column":12},"end":{"line":38,"column":16}}],"line":34},"1":{"loc":{"start":{"line":40,"column":11},"end":{"line":44,"column":16}},"type":"cond-expr","locations":[{"start":{"line":41,"column":12},"end":{"line":43,"column":18}},{"start":{"line":44,"column":12},"end":{"line":44,"column":16}}],"line":40},"2":{"loc":{"start":{"line":46,"column":11},"end":{"line":50,"column":16}},"type":"cond-expr","locations":[{"start":{"line":47,"column":12},"end":{"line":49,"column":18}},{"start":{"line":50,"column":12},"end":{"line":50,"column":16}}],"line":46},"3":{"loc":{"start":{"line":52,"column":11},"end":{"line":56,"column":16}},"type":"cond-expr","locations":[{"start":{"line":53,"column":12},"end":{"line":55,"column":18}},{"start":{"line":56,"column":12},"end":{"line":56,"column":16}}],"line":52},"4":{"loc":{"start":{"line":59,"column":11},"end":{"line":63,"column":16}},"type":"cond-expr","locations":[{"start":{"line":60,"column":12},"end":{"line":62,"column":18}},{"start":{"line":63,"column":12},"end":{"line":63,"column":16}}],"line":59},"5":{"loc":{"start":{"line":65,"column":11},"end":{"line":69,"column":16}},"type":"cond-expr","locations":[{"start":{"line":66,"column":12},"end":{"line":68,"column":18}},{"start":{"line":69,"column":12},"end":{"line":69,"column":16}}],"line":65},"6":{"loc":{"start":{"line":71,"column":11},"end":{"line":75,"column":16}},"type":"cond-expr","locations":[{"start":{"line":72,"column":12},"end":{"line":74,"column":18}},{"start":{"line":75,"column":12},"end":{"line":75,"column":16}}],"line":71},"7":{"loc":{"start":{"line":77,"column":11},"end":{"line":81,"column":16}},"type":"cond-expr","locations":[{"start":{"line":78,"column":12},"end":{"line":80,"column":18}},{"start":{"line":81,"column":12},"end":{"line":81,"column":16}}],"line":77},"8":{"loc":{"start":{"line":87,"column":9},"end":{"line":184,"column":14}},"type":"cond-expr","locations":[{"start":{"line":88,"column":10},"end":{"line":183,"column":12}},{"start":{"line":184,"column":10},"end":{"line":184,"column":14}}],"line":87}},"s":{"0":7,"1":7,"2":7,"3":0,"4":0,"5":4},"f":{"0":7,"1":0,"2":0,"3":4},"b":{"0":[0,4],"1":[0,4],"2":[0,4],"3":[0,4],"4":[0,4],"5":[0,4],"6":[0,4],"7":[0,4],"8":[0,4]},"_coverageSchema":"1a1c01bbd47fc00a2c39e90264f33305004495a9","hash":"1d5fa7f2e658ce66d95587fc5101647f24d56dde"}
,"/Users/kennethwarren/hrr43/About/src/components/Ratings.jsx": {"path":"/Users/kennethwarren/hrr43/About/src/components/Ratings.jsx","statementMap":{"0":{"start":{"line":8,"column":4},"end":{"line":8,"column":17}},"1":{"start":{"line":13,"column":4},"end":{"line":29,"column":5}},"2":{"start":{"line":15,"column":6},"end":{"line":15,"column":28}},"3":{"start":{"line":16,"column":6},"end":{"line":16,"column":12}},"4":{"start":{"line":18,"column":6},"end":{"line":18,"column":28}},"5":{"start":{"line":19,"column":6},"end":{"line":19,"column":12}},"6":{"start":{"line":21,"column":6},"end":{"line":21,"column":28}},"7":{"start":{"line":22,"column":6},"end":{"line":22,"column":12}},"8":{"start":{"line":24,"column":6},"end":{"line":24,"column":33}},"9":{"start":{"line":25,"column":6},"end":{"line":25,"column":12}},"10":{"start":{"line":27,"column":6},"end":{"line":27,"column":35}},"11":{"start":{"line":28,"column":6},"end":{"line":28,"column":12}},"12":{"start":{"line":31,"column":4},"end":{"line":49,"column":6}}},"fnMap":{"0":{"name":"(anonymous_0)","decl":{"start":{"line":7,"column":2},"end":{"line":7,"column":3}},"loc":{"start":{"line":7,"column":21},"end":{"line":9,"column":3}},"line":7},"1":{"name":"(anonymous_1)","decl":{"start":{"line":11,"column":2},"end":{"line":11,"column":3}},"loc":{"start":{"line":11,"column":11},"end":{"line":50,"column":3}},"line":11}},"branchMap":{"0":{"loc":{"start":{"line":13,"column":4},"end":{"line":29,"column":5}},"type":"switch","locations":[{"start":{"line":14,"column":4},"end":{"line":16,"column":12}},{"start":{"line":17,"column":4},"end":{"line":19,"column":12}},{"start":{"line":20,"column":4},"end":{"line":22,"column":12}},{"start":{"line":23,"column":4},"end":{"line":25,"column":12}},{"start":{"line":26,"column":4},"end":{"line":28,"column":12}}],"line":13}},"s":{"0":7,"1":4,"2":2,"3":2,"4":0,"5":0,"6":0,"7":0,"8":0,"9":0,"10":0,"11":0,"12":4},"f":{"0":7,"1":4},"b":{"0":[2,0,0,0,0]},"_coverageSchema":"1a1c01bbd47fc00a2c39e90264f33305004495a9","hash":"fa09802f90a2a4f2298811812aac70eb8f22ed57"}
,"/Users/kennethwarren/hrr43/About/src/components/RatingsCircles.jsx": {"path":"/Users/kennethwarren/hrr43/About/src/components/RatingsCircles.jsx","statementMap":{"0":{"start":{"line":7,"column":4},"end":{"line":7,"column":17}},"1":{"start":{"line":11,"column":12},"end":{"line":11,"column":29}},"2":{"start":{"line":13,"column":4},"end":{"line":370,"column":5}},"3":{"start":{"line":15,"column":6},"end":{"line":15,"column":18}},"4":{"start":{"line":17,"column":6},"end":{"line":39,"column":8}},"5":{"start":{"line":41,"column":6},"end":{"line":66,"column":8}},"6":{"start":{"line":68,"column":6},"end":{"line":93,"column":8}},"7":{"start":{"line":95,"column":6},"end":{"line":123,"column":8}},"8":{"start":{"line":125,"column":6},"end":{"line":153,"column":8}},"9":{"start":{"line":155,"column":6},"end":{"line":186,"column":8}},"10":{"start":{"line":188,"column":6},"end":{"line":219,"column":8}},"11":{"start":{"line":221,"column":6},"end":{"line":255,"column":8}},"12":{"start":{"line":257,"column":6},"end":{"line":291,"column":8}},"13":{"start":{"line":293,"column":6},"end":{"line":330,"column":8}},"14":{"start":{"line":332,"column":6},"end":{"line":369,"column":8}}},"fnMap":{"0":{"name":"(anonymous_0)","decl":{"start":{"line":6,"column":2},"end":{"line":6,"column":3}},"loc":{"start":{"line":6,"column":21},"end":{"line":8,"column":3}},"line":6},"1":{"name":"(anonymous_1)","decl":{"start":{"line":10,"column":2},"end":{"line":10,"column":3}},"loc":{"start":{"line":10,"column":11},"end":{"line":371,"column":3}},"line":10}},"branchMap":{"0":{"loc":{"start":{"line":13,"column":4},"end":{"line":370,"column":5}},"type":"switch","locations":[{"start":{"line":14,"column":4},"end":{"line":15,"column":18}},{"start":{"line":16,"column":4},"end":{"line":39,"column":8}},{"start":{"line":40,"column":4},"end":{"line":66,"column":8}},{"start":{"line":67,"column":4},"end":{"line":93,"column":8}},{"start":{"line":94,"column":4},"end":{"line":123,"column":8}},{"start":{"line":124,"column":4},"end":{"line":153,"column":8}},{"start":{"line":154,"column":4},"end":{"line":186,"column":8}},{"start":{"line":187,"column":4},"end":{"line":219,"column":8}},{"start":{"line":220,"column":4},"end":{"line":255,"column":8}},{"start":{"line":256,"column":4},"end":{"line":291,"column":8}},{"start":{"line":292,"column":4},"end":{"line":330,"column":8}},{"start":{"line":331,"column":4},"end":{"line":369,"column":8}}],"line":13},"1":{"loc":{"start":{"line":34,"column":11},"end":{"line":36,"column":80}},"type":"cond-expr","locations":[{"start":{"line":35,"column":12},"end":{"line":35,"column":65}},{"start":{"line":36,"column":12},"end":{"line":36,"column":80}}],"line":34},"2":{"loc":{"start":{"line":61,"column":11},"end":{"line":63,"column":80}},"type":"cond-expr","locations":[{"start":{"line":62,"column":12},"end":{"line":62,"column":65}},{"start":{"line":63,"column":12},"end":{"line":63,"column":80}}],"line":61},"3":{"loc":{"start":{"line":88,"column":11},"end":{"line":90,"column":80}},"type":"cond-expr","locations":[{"start":{"line":89,"column":12},"end":{"line":89,"column":65}},{"start":{"line":90,"column":12},"end":{"line":90,"column":80}}],"line":88},"4":{"loc":{"start":{"line":118,"column":11},"end":{"line":120,"column":80}},"type":"cond-expr","locations":[{"start":{"line":119,"column":12},"end":{"line":119,"column":65}},{"start":{"line":120,"column":12},"end":{"line":120,"column":80}}],"line":118},"5":{"loc":{"start":{"line":148,"column":11},"end":{"line":150,"column":80}},"type":"cond-expr","locations":[{"start":{"line":149,"column":12},"end":{"line":149,"column":65}},{"start":{"line":150,"column":12},"end":{"line":150,"column":80}}],"line":148},"6":{"loc":{"start":{"line":181,"column":11},"end":{"line":183,"column":80}},"type":"cond-expr","locations":[{"start":{"line":182,"column":12},"end":{"line":182,"column":65}},{"start":{"line":183,"column":12},"end":{"line":183,"column":80}}],"line":181},"7":{"loc":{"start":{"line":214,"column":11},"end":{"line":216,"column":80}},"type":"cond-expr","locations":[{"start":{"line":215,"column":12},"end":{"line":215,"column":65}},{"start":{"line":216,"column":12},"end":{"line":216,"column":80}}],"line":214},"8":{"loc":{"start":{"line":250,"column":11},"end":{"line":252,"column":80}},"type":"cond-expr","locations":[{"start":{"line":251,"column":12},"end":{"line":251,"column":65}},{"start":{"line":252,"column":12},"end":{"line":252,"column":80}}],"line":250},"9":{"loc":{"start":{"line":286,"column":11},"end":{"line":288,"column":80}},"type":"cond-expr","locations":[{"start":{"line":287,"column":12},"end":{"line":287,"column":65}},{"start":{"line":288,"column":12},"end":{"line":288,"column":80}}],"line":286},"10":{"loc":{"start":{"line":325,"column":11},"end":{"line":327,"column":80}},"type":"cond-expr","locations":[{"start":{"line":326,"column":12},"end":{"line":326,"column":65}},{"start":{"line":327,"column":12},"end":{"line":327,"column":80}}],"line":325},"11":{"loc":{"start":{"line":364,"column":11},"end":{"line":366,"column":80}},"type":"cond-expr","locations":[{"start":{"line":365,"column":12},"end":{"line":365,"column":65}},{"start":{"line":366,"column":12},"end":{"line":366,"column":80}}],"line":364}},"s":{"0":25,"1":22,"2":22,"3":10,"4":0,"5":10,"6":0,"7":0,"8":0,"9":0,"10":0,"11":0,"12":0,"13":0,"14":2},"f":{"0":25,"1":22},"b":{"0":[10,0,10,0,0,0,0,0,0,0,0,2],"1":[0,0],"2":[2,8],"3":[0,0],"4":[0,0],"5":[0,0],"6":[0,0],"7":[0,0],"8":[0,0],"9":[0,0],"10":[0,0],"11":[0,2]},"_coverageSchema":"1a1c01bbd47fc00a2c39e90264f33305004495a9","hash":"7474fc8c02ed1df11dc3a59bda40142a5011e99d"}
,"/Users/kennethwarren/hrr43/About/src/components/RoomFeatures.jsx": {"path":"/Users/kennethwarren/hrr43/About/src/components/RoomFeatures.jsx","statementMap":{"0":{"start":{"line":6,"column":4},"end":{"line":6,"column":17}},"1":{"start":{"line":7,"column":4},"end":{"line":9,"column":6}},"2":{"start":{"line":13,"column":4},"end":{"line":70,"column":6}}},"fnMap":{"0":{"name":"(anonymous_0)","decl":{"start":{"line":5,"column":2},"end":{"line":5,"column":3}},"loc":{"start":{"line":5,"column":21},"end":{"line":10,"column":3}},"line":5},"1":{"name":"(anonymous_1)","decl":{"start":{"line":12,"column":2},"end":{"line":12,"column":3}},"loc":{"start":{"line":12,"column":11},"end":{"line":71,"column":3}},"line":12}},"branchMap":{"0":{"loc":{"start":{"line":18,"column":11},"end":{"line":22,"column":16}},"type":"cond-expr","locations":[{"start":{"line":19,"column":12},"end":{"line":21,"column":18}},{"start":{"line":22,"column":12},"end":{"line":22,"column":16}}],"line":18},"1":{"loc":{"start":{"line":24,"column":11},"end":{"line":28,"column":16}},"type":"cond-expr","locations":[{"start":{"line":25,"column":12},"end":{"line":27,"column":18}},{"start":{"line":28,"column":12},"end":{"line":28,"column":16}}],"line":24},"2":{"loc":{"start":{"line":30,"column":11},"end":{"line":34,"column":16}},"type":"cond-expr","locations":[{"start":{"line":31,"column":12},"end":{"line":33,"column":18}},{"start":{"line":34,"column":12},"end":{"line":34,"column":16}}],"line":30},"3":{"loc":{"start":{"line":36,"column":11},"end":{"line":40,"column":16}},"type":"cond-expr","locations":[{"start":{"line":37,"column":12},"end":{"line":39,"column":18}},{"start":{"line":40,"column":12},"end":{"line":40,"column":16}}],"line":36},"4":{"loc":{"start":{"line":43,"column":11},"end":{"line":47,"column":16}},"type":"cond-expr","locations":[{"start":{"line":44,"column":12},"end":{"line":46,"column":18}},{"start":{"line":47,"column":12},"end":{"line":47,"column":16}}],"line":43},"5":{"loc":{"start":{"line":49,"column":11},"end":{"line":53,"column":16}},"type":"cond-expr","locations":[{"start":{"line":50,"column":12},"end":{"line":52,"column":18}},{"start":{"line":53,"column":12},"end":{"line":53,"column":16}}],"line":49},"6":{"loc":{"start":{"line":55,"column":11},"end":{"line":59,"column":16}},"type":"cond-expr","locations":[{"start":{"line":56,"column":12},"end":{"line":58,"column":18}},{"start":{"line":59,"column":12},"end":{"line":59,"column":16}}],"line":55},"7":{"loc":{"start":{"line":61,"column":11},"end":{"line":65,"column":16}},"type":"cond-expr","locations":[{"start":{"line":62,"column":12},"end":{"line":64,"column":18}},{"start":{"line":65,"column":12},"end":{"line":65,"column":16}}],"line":61}},"s":{"0":7,"1":7,"2":4},"f":{"0":7,"1":4},"b":{"0":[0,4],"1":[0,4],"2":[0,4],"3":[0,4],"4":[0,4],"5":[0,4],"6":[0,4],"7":[0,4]},"_coverageSchema":"1a1c01bbd47fc00a2c39e90264f33305004495a9","hash":"5c0ca689af38b04d5402ba0a572b75678b339a7f"}
,"/Users/kennethwarren/hrr43/About/src/components/RoomTypes.jsx": {"path":"/Users/kennethwarren/hrr43/About/src/components/RoomTypes.jsx","statementMap":{"0":{"start":{"line":6,"column":4},"end":{"line":6,"column":17}},"1":{"start":{"line":7,"column":4},"end":{"line":9,"column":6}},"2":{"start":{"line":13,"column":4},"end":{"line":46,"column":6}}},"fnMap":{"0":{"name":"(anonymous_0)","decl":{"start":{"line":5,"column":2},"end":{"line":5,"column":3}},"loc":{"start":{"line":5,"column":21},"end":{"line":10,"column":3}},"line":5},"1":{"name":"(anonymous_1)","decl":{"start":{"line":12,"column":2},"end":{"line":12,"column":3}},"loc":{"start":{"line":12,"column":11},"end":{"line":47,"column":3}},"line":12}},"branchMap":{"0":{"loc":{"start":{"line":18,"column":11},"end":{"line":22,"column":16}},"type":"cond-expr","locations":[{"start":{"line":19,"column":12},"end":{"line":21,"column":18}},{"start":{"line":22,"column":12},"end":{"line":22,"column":16}}],"line":18},"1":{"loc":{"start":{"line":24,"column":11},"end":{"line":28,"column":16}},"type":"cond-expr","locations":[{"start":{"line":25,"column":12},"end":{"line":27,"column":18}},{"start":{"line":28,"column":12},"end":{"line":28,"column":16}}],"line":24},"2":{"loc":{"start":{"line":30,"column":11},"end":{"line":34,"column":16}},"type":"cond-expr","locations":[{"start":{"line":31,"column":12},"end":{"line":33,"column":18}},{"start":{"line":34,"column":12},"end":{"line":34,"column":16}}],"line":30},"3":{"loc":{"start":{"line":36,"column":11},"end":{"line":40,"column":16}},"type":"cond-expr","locations":[{"start":{"line":37,"column":12},"end":{"line":39,"column":18}},{"start":{"line":40,"column":12},"end":{"line":40,"column":16}}],"line":36}},"s":{"0":7,"1":7,"2":4},"f":{"0":7,"1":4},"b":{"0":[0,4],"1":[0,4],"2":[0,4],"3":[0,4]},"_coverageSchema":"1a1c01bbd47fc00a2c39e90264f33305004495a9","hash":"58c689aefe893f70fd83b120f1396921cadb078f"}
,"/Users/kennethwarren/hrr43/About/src/components/ShowMore.jsx": {"path":"/Users/kennethwarren/hrr43/About/src/components/ShowMore.jsx","statementMap":{"0":{"start":{"line":7,"column":4},"end":{"line":7,"column":17}},"1":{"start":{"line":8,"column":4},"end":{"line":60,"column":6}},"2":{"start":{"line":61,"column":4},"end":{"line":61,"column":59}},"3":{"start":{"line":65,"column":4},"end":{"line":71,"column":5}},"4":{"start":{"line":66,"column":6},"end":{"line":66,"column":55}},"5":{"start":{"line":67,"column":11},"end":{"line":71,"column":5}},"6":{"start":{"line":68,"column":6},"end":{"line":68,"column":50}},"7":{"start":{"line":69,"column":11},"end":{"line":71,"column":5}},"8":{"start":{"line":70,"column":6},"end":{"line":70,"column":47}},"9":{"start":{"line":75,"column":4},"end":{"line":375,"column":6}}},"fnMap":{"0":{"name":"(anonymous_0)","decl":{"start":{"line":6,"column":2},"end":{"line":6,"column":3}},"loc":{"start":{"line":6,"column":21},"end":{"line":62,"column":3}},"line":6},"1":{"name":"(anonymous_1)","decl":{"start":{"line":64,"column":2},"end":{"line":64,"column":3}},"loc":{"start":{"line":64,"column":21},"end":{"line":72,"column":3}},"line":64},"2":{"name":"(anonymous_2)","decl":{"start":{"line":74,"column":2},"end":{"line":74,"column":3}},"loc":{"start":{"line":74,"column":11},"end":{"line":376,"column":3}},"line":74}},"branchMap":{"0":{"loc":{"start":{"line":65,"column":4},"end":{"line":71,"column":5}},"type":"if","locations":[{"start":{"line":65,"column":4},"end":{"line":71,"column":5}},{"start":{"line":65,"column":4},"end":{"line":71,"column":5}}],"line":65},"1":{"loc":{"start":{"line":67,"column":11},"end":{"line":71,"column":5}},"type":"if","locations":[{"start":{"line":67,"column":11},"end":{"line":71,"column":5}},{"start":{"line":67,"column":11},"end":{"line":71,"column":5}}],"line":67},"2":{"loc":{"start":{"line":69,"column":11},"end":{"line":71,"column":5}},"type":"if","locations":[{"start":{"line":69,"column":11},"end":{"line":71,"column":5}},{"start":{"line":69,"column":11},"end":{"line":71,"column":5}}],"line":69},"3":{"loc":{"start":{"line":83,"column":29},"end":{"line":83,"column":98}},"type":"cond-expr","locations":[{"start":{"line":83,"column":77},"end":{"line":83,"column":93}},{"start":{"line":83,"column":96},"end":{"line":83,"column":98}}],"line":83},"4":{"loc":{"start":{"line":84,"column":29},"end":{"line":84,"column":93}},"type":"cond-expr","locations":[{"start":{"line":84,"column":72},"end":{"line":84,"column":88}},{"start":{"line":84,"column":91},"end":{"line":84,"column":93}}],"line":84},"5":{"loc":{"start":{"line":85,"column":29},"end":{"line":85,"column":90}},"type":"cond-expr","locations":[{"start":{"line":85,"column":69},"end":{"line":85,"column":85}},{"start":{"line":85,"column":88},"end":{"line":85,"column":90}}],"line":85},"6":{"loc":{"start":{"line":88,"column":11},"end":{"line":287,"column":29}},"type":"binary-expr","locations":[{"start":{"line":88,"column":11},"end":{"line":88,"column":56}},{"start":{"line":89,"column":12},"end":{"line":287,"column":29}}],"line":88},"7":{"loc":{"start":{"line":90,"column":15},"end":{"line":94,"column":20}},"type":"cond-expr","locations":[{"start":{"line":91,"column":16},"end":{"line":93,"column":22}},{"start":{"line":94,"column":16},"end":{"line":94,"column":20}}],"line":90},"8":{"loc":{"start":{"line":96,"column":15},"end":{"line":100,"column":20}},"type":"cond-expr","locations":[{"start":{"line":97,"column":16},"end":{"line":99,"column":22}},{"start":{"line":100,"column":16},"end":{"line":100,"column":20}}],"line":96},"9":{"loc":{"start":{"line":102,"column":15},"end":{"line":106,"column":20}},"type":"cond-expr","locations":[{"start":{"line":103,"column":16},"end":{"line":105,"column":22}},{"start":{"line":106,"column":16},"end":{"line":106,"column":20}}],"line":102},"10":{"loc":{"start":{"line":108,"column":15},"end":{"line":112,"column":20}},"type":"cond-expr","locations":[{"start":{"line":109,"column":16},"end":{"line":111,"column":22}},{"start":{"line":112,"column":16},"end":{"line":112,"column":20}}],"line":108},"11":{"loc":{"start":{"line":115,"column":15},"end":{"line":119,"column":20}},"type":"cond-expr","locations":[{"start":{"line":116,"column":16},"end":{"line":118,"column":22}},{"start":{"line":119,"column":16},"end":{"line":119,"column":20}}],"line":115},"12":{"loc":{"start":{"line":121,"column":15},"end":{"line":125,"column":20}},"type":"cond-expr","locations":[{"start":{"line":122,"column":16},"end":{"line":124,"column":22}},{"start":{"line":125,"column":16},"end":{"line":125,"column":20}}],"line":121},"13":{"loc":{"start":{"line":127,"column":15},"end":{"line":131,"column":20}},"type":"cond-expr","locations":[{"start":{"line":128,"column":16},"end":{"line":130,"column":22}},{"start":{"line":131,"column":16},"end":{"line":131,"column":20}}],"line":127},"14":{"loc":{"start":{"line":133,"column":15},"end":{"line":137,"column":20}},"type":"cond-expr","locations":[{"start":{"line":134,"column":16},"end":{"line":136,"column":22}},{"start":{"line":137,"column":16},"end":{"line":137,"column":20}}],"line":133},"15":{"loc":{"start":{"line":140,"column":15},"end":{"line":144,"column":20}},"type":"cond-expr","locations":[{"start":{"line":141,"column":16},"end":{"line":143,"column":22}},{"start":{"line":144,"column":16},"end":{"line":144,"column":20}}],"line":140},"16":{"loc":{"start":{"line":146,"column":15},"end":{"line":150,"column":20}},"type":"cond-expr","locations":[{"start":{"line":147,"column":16},"end":{"line":149,"column":22}},{"start":{"line":150,"column":16},"end":{"line":150,"column":20}}],"line":146},"17":{"loc":{"start":{"line":152,"column":15},"end":{"line":156,"column":20}},"type":"cond-expr","locations":[{"start":{"line":153,"column":16},"end":{"line":155,"column":22}},{"start":{"line":156,"column":16},"end":{"line":156,"column":20}}],"line":152},"18":{"loc":{"start":{"line":158,"column":15},"end":{"line":162,"column":20}},"type":"cond-expr","locations":[{"start":{"line":159,"column":16},"end":{"line":161,"column":22}},{"start":{"line":162,"column":16},"end":{"line":162,"column":20}}],"line":158},"19":{"loc":{"start":{"line":165,"column":15},"end":{"line":169,"column":20}},"type":"cond-expr","locations":[{"start":{"line":166,"column":16},"end":{"line":168,"column":22}},{"start":{"line":169,"column":16},"end":{"line":169,"column":20}}],"line":165},"20":{"loc":{"start":{"line":171,"column":15},"end":{"line":175,"column":20}},"type":"cond-expr","locations":[{"start":{"line":172,"column":16},"end":{"line":174,"column":22}},{"start":{"line":175,"column":16},"end":{"line":175,"column":20}}],"line":171},"21":{"loc":{"start":{"line":177,"column":15},"end":{"line":181,"column":20}},"type":"cond-expr","locations":[{"start":{"line":178,"column":16},"end":{"line":180,"column":22}},{"start":{"line":181,"column":16},"end":{"line":181,"column":20}}],"line":177},"22":{"loc":{"start":{"line":183,"column":15},"end":{"line":187,"column":20}},"type":"cond-expr","locations":[{"start":{"line":184,"column":16},"end":{"line":186,"column":22}},{"start":{"line":187,"column":16},"end":{"line":187,"column":20}}],"line":183},"23":{"loc":{"start":{"line":190,"column":15},"end":{"line":194,"column":20}},"type":"cond-expr","locations":[{"start":{"line":191,"column":16},"end":{"line":193,"column":22}},{"start":{"line":194,"column":16},"end":{"line":194,"column":20}}],"line":190},"24":{"loc":{"start":{"line":196,"column":15},"end":{"line":200,"column":20}},"type":"cond-expr","locations":[{"start":{"line":197,"column":16},"end":{"line":199,"column":22}},{"start":{"line":200,"column":16},"end":{"line":200,"column":20}}],"line":196},"25":{"loc":{"start":{"line":202,"column":15},"end":{"line":206,"column":20}},"type":"cond-expr","locations":[{"start":{"line":203,"column":16},"end":{"line":205,"column":22}},{"start":{"line":206,"column":16},"end":{"line":206,"column":20}}],"line":202},"26":{"loc":{"start":{"line":208,"column":15},"end":{"line":212,"column":20}},"type":"cond-expr","locations":[{"start":{"line":209,"column":16},"end":{"line":211,"column":22}},{"start":{"line":212,"column":16},"end":{"line":212,"column":20}}],"line":208},"27":{"loc":{"start":{"line":214,"column":15},"end":{"line":218,"column":20}},"type":"cond-expr","locations":[{"start":{"line":215,"column":16},"end":{"line":217,"column":22}},{"start":{"line":218,"column":16},"end":{"line":218,"column":20}}],"line":214},"28":{"loc":{"start":{"line":220,"column":15},"end":{"line":224,"column":20}},"type":"cond-expr","locations":[{"start":{"line":221,"column":16},"end":{"line":223,"column":22}},{"start":{"line":224,"column":16},"end":{"line":224,"column":20}}],"line":220},"29":{"loc":{"start":{"line":226,"column":15},"end":{"line":230,"column":20}},"type":"cond-expr","locations":[{"start":{"line":227,"column":16},"end":{"line":229,"column":22}},{"start":{"line":230,"column":16},"end":{"line":230,"column":20}}],"line":226},"30":{"loc":{"start":{"line":232,"column":15},"end":{"line":236,"column":20}},"type":"cond-expr","locations":[{"start":{"line":233,"column":16},"end":{"line":235,"column":22}},{"start":{"line":236,"column":16},"end":{"line":236,"column":20}}],"line":232},"31":{"loc":{"start":{"line":239,"column":15},"end":{"line":243,"column":20}},"type":"cond-expr","locations":[{"start":{"line":240,"column":16},"end":{"line":242,"column":22}},{"start":{"line":243,"column":16},"end":{"line":243,"column":20}}],"line":239},"32":{"loc":{"start":{"line":245,"column":15},"end":{"line":249,"column":20}},"type":"cond-expr","locations":[{"start":{"line":246,"column":16},"end":{"line":248,"column":22}},{"start":{"line":249,"column":16},"end":{"line":249,"column":20}}],"line":245},"33":{"loc":{"start":{"line":251,"column":15},"end":{"line":255,"column":20}},"type":"cond-expr","locations":[{"start":{"line":252,"column":16},"end":{"line":254,"column":22}},{"start":{"line":255,"column":16},"end":{"line":255,"column":20}}],"line":251},"34":{"loc":{"start":{"line":257,"column":15},"end":{"line":261,"column":20}},"type":"cond-expr","locations":[{"start":{"line":258,"column":16},"end":{"line":260,"column":22}},{"start":{"line":261,"column":16},"end":{"line":261,"column":20}}],"line":257},"35":{"loc":{"start":{"line":263,"column":15},"end":{"line":267,"column":20}},"type":"cond-expr","locations":[{"start":{"line":264,"column":16},"end":{"line":266,"column":22}},{"start":{"line":267,"column":16},"end":{"line":267,"column":20}}],"line":263},"36":{"loc":{"start":{"line":269,"column":15},"end":{"line":273,"column":20}},"type":"cond-expr","locations":[{"start":{"line":270,"column":16},"end":{"line":272,"column":22}},{"start":{"line":273,"column":16},"end":{"line":273,"column":20}}],"line":269},"37":{"loc":{"start":{"line":275,"column":15},"end":{"line":279,"column":20}},"type":"cond-expr","locations":[{"start":{"line":276,"column":16},"end":{"line":278,"column":22}},{"start":{"line":279,"column":16},"end":{"line":279,"column":20}}],"line":275},"38":{"loc":{"start":{"line":281,"column":15},"end":{"line":285,"column":20}},"type":"cond-expr","locations":[{"start":{"line":282,"column":16},"end":{"line":284,"column":22}},{"start":{"line":285,"column":16},"end":{"line":285,"column":20}}],"line":281},"39":{"loc":{"start":{"line":290,"column":11},"end":{"line":341,"column":29}},"type":"binary-expr","locations":[{"start":{"line":290,"column":11},"end":{"line":290,"column":51}},{"start":{"line":291,"column":12},"end":{"line":341,"column":29}}],"line":290},"40":{"loc":{"start":{"line":292,"column":15},"end":{"line":296,"column":20}},"type":"cond-expr","locations":[{"start":{"line":293,"column":16},"end":{"line":295,"column":22}},{"start":{"line":296,"column":16},"end":{"line":296,"column":20}}],"line":292},"41":{"loc":{"start":{"line":298,"column":15},"end":{"line":302,"column":20}},"type":"cond-expr","locations":[{"start":{"line":299,"column":16},"end":{"line":301,"column":22}},{"start":{"line":302,"column":16},"end":{"line":302,"column":20}}],"line":298},"42":{"loc":{"start":{"line":304,"column":15},"end":{"line":308,"column":20}},"type":"cond-expr","locations":[{"start":{"line":305,"column":16},"end":{"line":307,"column":22}},{"start":{"line":308,"column":16},"end":{"line":308,"column":20}}],"line":304},"43":{"loc":{"start":{"line":310,"column":15},"end":{"line":314,"column":20}},"type":"cond-expr","locations":[{"start":{"line":311,"column":16},"end":{"line":313,"column":22}},{"start":{"line":314,"column":16},"end":{"line":314,"column":20}}],"line":310},"44":{"loc":{"start":{"line":317,"column":15},"end":{"line":321,"column":20}},"type":"cond-expr","locations":[{"start":{"line":318,"column":16},"end":{"line":320,"column":22}},{"start":{"line":321,"column":16},"end":{"line":321,"column":20}}],"line":317},"45":{"loc":{"start":{"line":323,"column":15},"end":{"line":327,"column":20}},"type":"cond-expr","locations":[{"start":{"line":324,"column":16},"end":{"line":326,"column":22}},{"start":{"line":327,"column":16},"end":{"line":327,"column":20}}],"line":323},"46":{"loc":{"start":{"line":329,"column":15},"end":{"line":333,"column":20}},"type":"cond-expr","locations":[{"start":{"line":330,"column":16},"end":{"line":332,"column":22}},{"start":{"line":333,"column":16},"end":{"line":333,"column":20}}],"line":329},"47":{"loc":{"start":{"line":335,"column":15},"end":{"line":339,"column":20}},"type":"cond-expr","locations":[{"start":{"line":336,"column":16},"end":{"line":338,"column":22}},{"start":{"line":339,"column":16},"end":{"line":339,"column":20}}],"line":335},"48":{"loc":{"start":{"line":344,"column":11},"end":{"line":370,"column":29}},"type":"binary-expr","locations":[{"start":{"line":344,"column":11},"end":{"line":344,"column":48}},{"start":{"line":345,"column":12},"end":{"line":370,"column":29}}],"line":344},"49":{"loc":{"start":{"line":346,"column":15},"end":{"line":350,"column":20}},"type":"cond-expr","locations":[{"start":{"line":347,"column":16},"end":{"line":349,"column":22}},{"start":{"line":350,"column":16},"end":{"line":350,"column":20}}],"line":346},"50":{"loc":{"start":{"line":352,"column":15},"end":{"line":356,"column":20}},"type":"cond-expr","locations":[{"start":{"line":353,"column":16},"end":{"line":355,"column":22}},{"start":{"line":356,"column":16},"end":{"line":356,"column":20}}],"line":352},"51":{"loc":{"start":{"line":358,"column":15},"end":{"line":362,"column":20}},"type":"cond-expr","locations":[{"start":{"line":359,"column":16},"end":{"line":361,"column":22}},{"start":{"line":362,"column":16},"end":{"line":362,"column":20}}],"line":358},"52":{"loc":{"start":{"line":364,"column":15},"end":{"line":368,"column":20}},"type":"cond-expr","locations":[{"start":{"line":365,"column":16},"end":{"line":367,"column":22}},{"start":{"line":368,"column":16},"end":{"line":368,"column":20}}],"line":364}},"s":{"0":5,"1":5,"2":5,"3":0,"4":0,"5":0,"6":0,"7":0,"8":0,"9":2},"f":{"0":5,"1":0,"2":2},"b":{"0":[0,0],"1":[0,0],"2":[0,0],"3":[2,0],"4":[0,2],"5":[0,2],"6":[2,2],"7":[0,2],"8":[0,2],"9":[0,2],"10":[0,2],"11":[0,2],"12":[0,2],"13":[0,2],"14":[0,2],"15":[0,2],"16":[0,2],"17":[0,2],"18":[0,2],"19":[0,2],"20":[0,2],"21":[0,2],"22":[0,2],"23":[0,2],"24":[0,2],"25":[0,2],"26":[0,2],"27":[0,2],"28":[0,2],"29":[0,2],"30":[0,2],"31":[0,2],"32":[0,2],"33":[0,2],"34":[0,2],"35":[0,2],"36":[0,2],"37":[0,2],"38":[0,2],"39":[2,0],"40":[0,0],"41":[0,0],"42":[0,0],"43":[0,0],"44":[0,0],"45":[0,0],"46":[0,0],"47":[0,0],"48":[2,0],"49":[0,0],"50":[0,0],"51":[0,0],"52":[0,0]},"_coverageSchema":"1a1c01bbd47fc00a2c39e90264f33305004495a9","hash":"527dffff57e8b923b25dc571a98381edf5553eec"}
,"/Users/kennethwarren/hrr43/About/src/components/Superlatives.jsx": {"path":"/Users/kennethwarren/hrr43/About/src/components/Superlatives.jsx","statementMap":{"0":{"start":{"line":6,"column":4},"end":{"line":6,"column":17}},"1":{"start":{"line":10,"column":4},"end":{"line":47,"column":6}}},"fnMap":{"0":{"name":"(anonymous_0)","decl":{"start":{"line":5,"column":2},"end":{"line":5,"column":3}},"loc":{"start":{"line":5,"column":21},"end":{"line":7,"column":3}},"line":5},"1":{"name":"(anonymous_1)","decl":{"start":{"line":9,"column":2},"end":{"line":9,"column":3}},"loc":{"start":{"line":9,"column":11},"end":{"line":48,"column":3}},"line":9}},"branchMap":{"0":{"loc":{"start":{"line":12,"column":9},"end":{"line":14,"column":14}},"type":"cond-expr","locations":[{"start":{"line":13,"column":10},"end":{"line":13,"column":203}},{"start":{"line":14,"column":10},"end":{"line":14,"column":14}}],"line":12},"1":{"loc":{"start":{"line":16,"column":9},"end":{"line":23,"column":14}},"type":"cond-expr","locations":[{"start":{"line":17,"column":10},"end":{"line":22,"column":28}},{"start":{"line":23,"column":10},"end":{"line":23,"column":14}}],"line":16},"2":{"loc":{"start":{"line":26,"column":9},"end":{"line":28,"column":14}},"type":"cond-expr","locations":[{"start":{"line":27,"column":10},"end":{"line":27,"column":204}},{"start":{"line":28,"column":10},"end":{"line":28,"column":14}}],"line":26},"3":{"loc":{"start":{"line":30,"column":9},"end":{"line":44,"column":14}},"type":"cond-expr","locations":[{"start":{"line":31,"column":10},"end":{"line":43,"column":37}},{"start":{"line":44,"column":10},"end":{"line":44,"column":14}}],"line":30},"4":{"loc":{"start":{"line":30,"column":9},"end":{"line":30,"column":74}},"type":"binary-expr","locations":[{"start":{"line":30,"column":9},"end":{"line":30,"column":37}},{"start":{"line":30,"column":41},"end":{"line":30,"column":74}}],"line":30}},"s":{"0":7,"1":4},"f":{"0":7,"1":4},"b":{"0":[2,2],"1":[0,4],"2":[2,2],"3":[0,4],"4":[4,4]},"_coverageSchema":"1a1c01bbd47fc00a2c39e90264f33305004495a9","hash":"7abede247cc3f4e7bc6e0494eb08f42264fe83b2"}
,"/Users/kennethwarren/hrr43/About/src/css/AboutCSS.js": {"path":"/Users/kennethwarren/hrr43/About/src/css/AboutCSS.js","statementMap":{"0":{"start":{"line":4,"column":15},"end":{"line":56,"column":1}}},"fnMap":{},"branchMap":{},"s":{"0":2},"f":{},"b":{},"_coverageSchema":"1a1c01bbd47fc00a2c39e90264f33305004495a9","hash":"3ddd9c56f8e6cbf6c6352c4cf75cb0a9020abaa2"}
,"/Users/kennethwarren/hrr43/About/src/css/AboutCopyCSS.js": {"path":"/Users/kennethwarren/hrr43/About/src/css/AboutCopyCSS.js","statementMap":{"0":{"start":{"line":3,"column":15},"end":{"line":16,"column":1}}},"fnMap":{},"branchMap":{},"s":{"0":3},"f":{},"b":{},"_coverageSchema":"1a1c01bbd47fc00a2c39e90264f33305004495a9","hash":"52ae992ac8c69d92775f403988a65a5055eda178"}
,"/Users/kennethwarren/hrr43/About/src/css/CarouselCSS.js": {"path":"/Users/kennethwarren/hrr43/About/src/css/CarouselCSS.js","statementMap":{"0":{"start":{"line":3,"column":15},"end":{"line":59,"column":1}}},"fnMap":{},"branchMap":{},"s":{"0":3},"f":{},"b":{},"_coverageSchema":"1a1c01bbd47fc00a2c39e90264f33305004495a9","hash":"308c11f16817b79be1ccb9eb27fa12fe46c42504"}
,"/Users/kennethwarren/hrr43/About/src/css/GoodToKnowCSS.js": {"path":"/Users/kennethwarren/hrr43/About/src/css/GoodToKnowCSS.js","statementMap":{"0":{"start":{"line":3,"column":15},"end":{"line":51,"column":1}}},"fnMap":{},"branchMap":{},"s":{"0":3},"f":{},"b":{},"_coverageSchema":"1a1c01bbd47fc00a2c39e90264f33305004495a9","hash":"c98f43f4c02f2648eab916d702ead2cb2bbebdbc"}
,"/Users/kennethwarren/hrr43/About/src/css/HotelClassCSS.js": {"path":"/Users/kennethwarren/hrr43/About/src/css/HotelClassCSS.js","statementMap":{"0":{"start":{"line":3,"column":15},"end":{"line":11,"column":1}}},"fnMap":{},"branchMap":{},"s":{"0":4},"f":{},"b":{},"_coverageSchema":"1a1c01bbd47fc00a2c39e90264f33305004495a9","hash":"8d35626577343ac5207abc8a0e08a8ab2508da65"}
,"/Users/kennethwarren/hrr43/About/src/css/HotelLinksCSS.js": {"path":"/Users/kennethwarren/hrr43/About/src/css/HotelLinksCSS.js","statementMap":{"0":{"start":{"line":3,"column":15},"end":{"line":37,"column":1}}},"fnMap":{},"branchMap":{},"s":{"0":3},"f":{},"b":{},"_coverageSchema":"1a1c01bbd47fc00a2c39e90264f33305004495a9","hash":"e720d239bd839e5958f9f8e6fb951120c90b1d9a"}
,"/Users/kennethwarren/hrr43/About/src/css/PropertyAmenitiesCSS.js": {"path":"/Users/kennethwarren/hrr43/About/src/css/PropertyAmenitiesCSS.js","statementMap":{"0":{"start":{"line":3,"column":15},"end":{"line":48,"column":1}}},"fnMap":{},"branchMap":{},"s":{"0":3},"f":{},"b":{},"_coverageSchema":"1a1c01bbd47fc00a2c39e90264f33305004495a9","hash":"c5269a2675466e078844ada31b9d4defcf53a6da"}
,"/Users/kennethwarren/hrr43/About/src/css/RatingsCSS.js": {"path":"/Users/kennethwarren/hrr43/About/src/css/RatingsCSS.js","statementMap":{"0":{"start":{"line":3,"column":15},"end":{"line":24,"column":1}}},"fnMap":{},"branchMap":{},"s":{"0":3},"f":{},"b":{},"_coverageSchema":"1a1c01bbd47fc00a2c39e90264f33305004495a9","hash":"40add652d882d7b5616436fdc3feb9567ccb578d"}
,"/Users/kennethwarren/hrr43/About/src/css/RatingsCirclesCSS.js": {"path":"/Users/kennethwarren/hrr43/About/src/css/RatingsCirclesCSS.js","statementMap":{"0":{"start":{"line":3,"column":15},"end":{"line":55,"column":1}}},"fnMap":{},"branchMap":{},"s":{"0":4},"f":{},"b":{},"_coverageSchema":"1a1c01bbd47fc00a2c39e90264f33305004495a9","hash":"bc98b5f66a42a64580d4e9bbd8ea15de02c1b2f7"}
,"/Users/kennethwarren/hrr43/About/src/css/RoomFeaturesCSS.js": {"path":"/Users/kennethwarren/hrr43/About/src/css/RoomFeaturesCSS.js","statementMap":{"0":{"start":{"line":3,"column":15},"end":{"line":37,"column":1}}},"fnMap":{},"branchMap":{},"s":{"0":3},"f":{},"b":{},"_coverageSchema":"1a1c01bbd47fc00a2c39e90264f33305004495a9","hash":"8db1ee4547370caa2eab4119864eb3544d5b86e6"}
,"/Users/kennethwarren/hrr43/About/src/css/RoomTypesCSS.js": {"path":"/Users/kennethwarren/hrr43/About/src/css/RoomTypesCSS.js","statementMap":{"0":{"start":{"line":3,"column":15},"end":{"line":64,"column":1}}},"fnMap":{},"branchMap":{},"s":{"0":3},"f":{},"b":{},"_coverageSchema":"1a1c01bbd47fc00a2c39e90264f33305004495a9","hash":"5ab8ba90702045c92bab2575d2a46fa5199706bb"}
,"/Users/kennethwarren/hrr43/About/src/css/ShowMoreCSS.js": {"path":"/Users/kennethwarren/hrr43/About/src/css/ShowMoreCSS.js","statementMap":{"0":{"start":{"line":3,"column":15},"end":{"line":99,"column":1}}},"fnMap":{},"branchMap":{},"s":{"0":4},"f":{},"b":{},"_coverageSchema":"1a1c01bbd47fc00a2c39e90264f33305004495a9","hash":"5d0035ac15de7d358f8eeb47a2ed5319dd23218b"}
,"/Users/kennethwarren/hrr43/About/src/css/SuperlativesCSS.js": {"path":"/Users/kennethwarren/hrr43/About/src/css/SuperlativesCSS.js","statementMap":{"0":{"start":{"line":5,"column":15},"end":{"line":76,"column":1}}},"fnMap":{},"branchMap":{},"s":{"0":3},"f":{},"b":{},"_coverageSchema":"1a1c01bbd47fc00a2c39e90264f33305004495a9","hash":"743f3ab54c1dee90f0d8f1210c1d8f7a5e098dd7"}
}
