TN:
SF:src/components/About.jsx
FN:15,(anonymous_0)
FN:136,(anonymous_1)
FN:141,(anonymous_2)
FN:142,(anonymous_3)
FN:369,(anonymous_4)
FN:372,(anonymous_5)
FN:380,(anonymous_6)
FN:384,(anonymous_7)
FN:388,(anonymous_8)
FN:392,(anonymous_9)
FN:396,(anonymous_10)
FNF:11
FNH:2
FNDA:5,(anonymous_0)
FNDA:0,(anonymous_1)
FNDA:0,(anonymous_2)
FNDA:0,(anonymous_3)
FNDA:0,(anonymous_4)
FNDA:0,(anonymous_5)
FNDA:0,(anonymous_6)
FNDA:0,(anonymous_7)
FNDA:0,(anonymous_8)
FNDA:0,(anonymous_9)
FNDA:2,(anonymous_10)
DA:16,5
DA:17,5
DA:130,5
DA:131,5
DA:132,5
DA:133,5
DA:137,0
DA:138,0
DA:140,0
DA:141,0
DA:143,0
DA:144,0
DA:146,0
DA:256,0
DA:258,0
DA:369,0
DA:373,0
DA:374,0
DA:375,0
DA:376,0
DA:381,0
DA:382,0
DA:383,0
DA:384,0
DA:389,0
DA:393,0
DA:398,2
LF:27
LH:7
BRDA:143,0,0,0
BRDA:143,0,1,0
BRDA:373,1,0,0
BRDA:373,1,1,0
BRDA:375,2,0,0
BRDA:375,2,1,0
BRDA:381,3,0,0
BRDA:381,3,1,0
BRDA:383,4,0,0
BRDA:383,4,1,0
BRF:10
BRH:0
end_of_record
TN:
SF:src/components/AboutCopy.jsx
FN:7,(anonymous_0)
FN:17,(anonymous_1)
FN:27,(anonymous_2)
FN:30,(anonymous_3)
FN:34,(anonymous_4)
FN:44,(anonymous_5)
FNF:6
FNH:2
FNDA:7,(anonymous_0)
FNDA:0,(anonymous_1)
FNDA:0,(anonymous_2)
FNDA:0,(anonymous_3)
FNDA:0,(anonymous_4)
FNDA:4,(anonymous_5)
DA:8,7
DA:9,7
DA:13,7
DA:14,7
DA:19,0
DA:20,0
DA:22,0
DA:27,0
DA:32,0
DA:34,0
DA:45,4
LF:11
LH:5
BRDA:19,0,0,0
BRDA:19,0,1,0
BRDA:32,1,0,0
BRDA:32,1,1,0
BRDA:51,2,0,0
BRDA:51,2,1,4
BRF:6
BRH:1
end_of_record
TN:
SF:src/components/Carousel.jsx
FN:5,(anonymous_0)
FN:20,(anonymous_1)
FN:30,(anonymous_2)
FN:34,(anonymous_3)
FN:38,(anonymous_4)
FN:48,(anonymous_5)
FN:58,(anonymous_6)
FN:63,(anonymous_7)
FN:86,(anonymous_8)
FNF:9
FNH:2
FNDA:7,(anonymous_0)
FNDA:0,(anonymous_1)
FNDA:0,(anonymous_2)
FNDA:0,(anonymous_3)
FNDA:0,(anonymous_4)
FNDA:0,(anonymous_5)
FNDA:0,(anonymous_6)
FNDA:4,(anonymous_7)
FNDA:0,(anonymous_8)
DA:6,7
DA:7,7
DA:13,7
DA:14,7
DA:15,7
DA:16,7
DA:17,7
DA:22,0
DA:23,0
DA:31,0
DA:35,0
DA:40,0
DA:41,0
DA:43,0
DA:45,0
DA:50,0
DA:51,0
DA:53,0
DA:55,0
DA:59,0
DA:60,0
DA:64,4
DA:87,0
LF:23
LH:8
BRDA:22,0,0,0
BRDA:22,0,1,0
BRDA:40,1,0,0
BRDA:40,1,1,0
BRDA:50,2,0,0
BRDA:50,2,1,0
BRDA:69,3,0,4
BRDA:69,3,1,4
BRDA:76,4,0,4
BRDA:76,4,1,0
BRDA:76,4,2,0
BRDA:79,5,0,4
BRDA:79,5,1,0
BRDA:79,5,2,0
BRDA:91,6,0,0
BRDA:91,6,1,0
BRDA:97,7,0,0
BRDA:97,7,1,0
BRF:18
BRH:4
end_of_record
TN:
SF:src/components/GoodToKnow.jsx
FN:7,(anonymous_0)
FN:16,(anonymous_1)
FN:20,(anonymous_2)
FN:24,(anonymous_3)
FN:45,(anonymous_4)
FNF:5
FNH:2
FNDA:7,(anonymous_0)
FNDA:0,(anonymous_1)
FNDA:0,(anonymous_2)
FNDA:4,(anonymous_3)
FNDA:0,(anonymous_4)
DA:8,7
DA:9,7
DA:12,7
DA:13,7
DA:17,0
DA:21,0
DA:25,4
DA:45,0
LF:8
LH:5
BRDA:29,0,0,0
BRDA:29,0,1,4
BRDA:44,1,0,0
BRDA:44,1,1,4
BRF:4
BRH:2
end_of_record
TN:
SF:src/components/HotelClass.jsx
FN:6,(anonymous_0)
FN:10,(anonymous_1)
FNF:2
FNH:2
FNDA:9,(anonymous_0)
FNDA:6,(anonymous_1)
DA:7,9
DA:11,6
DA:12,6
DA:13,6
DA:14,6
DA:16,6
DA:18,2
DA:20,0
DA:30,2
DA:40,0
DA:50,0
DA:60,0
DA:70,0
DA:80,0
DA:90,0
DA:100,0
DA:110,0
DA:120,2
LF:18
LH:9
BRDA:16,0,0,2
BRDA:16,0,1,0
BRDA:16,0,2,2
BRDA:16,0,3,0
BRDA:16,0,4,0
BRDA:16,0,5,0
BRDA:16,0,6,0
BRDA:16,0,7,0
BRDA:16,0,8,0
BRDA:16,0,9,0
BRDA:16,0,10,0
BRDA:16,0,11,2
BRF:12
BRH:3
end_of_record
TN:
SF:src/components/HotelLinks.jsx
FN:5,(anonymous_0)
FN:9,(anonymous_1)
FNF:2
FNH:2
FNDA:7,(anonymous_0)
FNDA:4,(anonymous_1)
DA:6,7
DA:10,4
LF:2
LH:2
BRDA:18,0,0,0
BRDA:18,0,1,4
BRF:2
BRH:1
end_of_record
TN:
SF:src/components/PropertyAmenities.jsx
FN:7,(anonymous_0)
FN:25,(anonymous_1)
FN:26,(anonymous_2)
FN:29,(anonymous_3)
FNF:4
FNH:2
FNDA:7,(anonymous_0)
FNDA:0,(anonymous_1)
FNDA:0,(anonymous_2)
FNDA:4,(anonymous_3)
DA:8,7
DA:9,7
DA:22,7
DA:26,0
DA:30,4
LF:5
LH:4
BRDA:34,0,0,0
BRDA:34,0,1,4
BRDA:40,1,0,0
BRDA:40,1,1,4
BRDA:46,2,0,0
BRDA:46,2,1,4
BRDA:52,3,0,0
BRDA:52,3,1,4
BRDA:59,4,0,0
BRDA:59,4,1,4
BRDA:65,5,0,0
BRDA:65,5,1,4
BRDA:71,6,0,0
BRDA:71,6,1,4
BRDA:77,7,0,0
BRDA:77,7,1,4
BRDA:87,8,0,0
BRDA:87,8,1,4
BRF:18
BRH:9
end_of_record
TN:
SF:src/components/Ratings.jsx
FN:7,(anonymous_0)
FN:11,(anonymous_1)
FNF:2
FNH:2
FNDA:7,(anonymous_0)
FNDA:4,(anonymous_1)
DA:8,7
DA:13,4
DA:15,2
DA:16,2
DA:18,0
DA:19,0
DA:21,0
DA:22,0
DA:24,0
DA:25,0
DA:27,0
DA:28,0
DA:31,4
LF:13
LH:5
BRDA:13,0,0,2
BRDA:13,0,1,0
BRDA:13,0,2,0
BRDA:13,0,3,0
BRDA:13,0,4,0
BRF:5
BRH:1
end_of_record
TN:
SF:src/components/RatingsCircles.jsx
FN:6,(anonymous_0)
FN:10,(anonymous_1)
FNF:2
FNH:2
FNDA:25,(anonymous_0)
FNDA:22,(anonymous_1)
DA:7,25
DA:11,22
DA:13,22
DA:15,10
DA:17,0
DA:41,10
DA:68,0
DA:95,0
DA:125,0
DA:155,0
DA:188,0
DA:221,0
DA:257,0
DA:293,0
DA:332,2
LF:15
LH:6
BRDA:13,0,0,10
BRDA:13,0,1,0
BRDA:13,0,2,10
BRDA:13,0,3,0
BRDA:13,0,4,0
BRDA:13,0,5,0
BRDA:13,0,6,0
BRDA:13,0,7,0
BRDA:13,0,8,0
BRDA:13,0,9,0
BRDA:13,0,10,0
BRDA:13,0,11,2
BRDA:34,1,0,0
BRDA:34,1,1,0
BRDA:61,2,0,2
BRDA:61,2,1,8
BRDA:88,3,0,0
BRDA:88,3,1,0
BRDA:118,4,0,0
BRDA:118,4,1,0
BRDA:148,5,0,0
BRDA:148,5,1,0
BRDA:181,6,0,0
BRDA:181,6,1,0
BRDA:214,7,0,0
BRDA:214,7,1,0
BRDA:250,8,0,0
BRDA:250,8,1,0
BRDA:286,9,0,0
BRDA:286,9,1,0
BRDA:325,10,0,0
BRDA:325,10,1,0
BRDA:364,11,0,0
BRDA:364,11,1,2
BRF:34
BRH:6
end_of_record
TN:
SF:src/components/RoomFeatures.jsx
FN:5,(anonymous_0)
FN:12,(anonymous_1)
FNF:2
FNH:2
FNDA:7,(anonymous_0)
FNDA:4,(anonymous_1)
DA:6,7
DA:7,7
DA:13,4
LF:3
LH:3
BRDA:18,0,0,0
BRDA:18,0,1,4
BRDA:24,1,0,0
BRDA:24,1,1,4
BRDA:30,2,0,0
BRDA:30,2,1,4
BRDA:36,3,0,0
BRDA:36,3,1,4
BRDA:43,4,0,0
BRDA:43,4,1,4
BRDA:49,5,0,0
BRDA:49,5,1,4
BRDA:55,6,0,0
BRDA:55,6,1,4
BRDA:61,7,0,0
BRDA:61,7,1,4
BRF:16
BRH:8
end_of_record
TN:
SF:src/components/RoomTypes.jsx
FN:5,(anonymous_0)
FN:12,(anonymous_1)
FNF:2
FNH:2
FNDA:7,(anonymous_0)
FNDA:4,(anonymous_1)
DA:6,7
DA:7,7
DA:13,4
LF:3
LH:3
BRDA:18,0,0,0
BRDA:18,0,1,4
BRDA:24,1,0,0
BRDA:24,1,1,4
BRDA:30,2,0,0
BRDA:30,2,1,4
BRDA:36,3,0,0
BRDA:36,3,1,4
BRF:8
BRH:4
end_of_record
TN:
SF:src/components/ShowMore.jsx
FN:6,(anonymous_0)
FN:64,(anonymous_1)
FN:74,(anonymous_2)
FNF:3
FNH:2
FNDA:5,(anonymous_0)
FNDA:0,(anonymous_1)
FNDA:2,(anonymous_2)
DA:7,5
DA:8,5
DA:61,5
DA:65,0
DA:66,0
DA:67,0
DA:68,0
DA:69,0
DA:70,0
DA:75,2
LF:10
LH:4
BRDA:65,0,0,0
BRDA:65,0,1,0
BRDA:67,1,0,0
BRDA:67,1,1,0
BRDA:69,2,0,0
BRDA:69,2,1,0
BRDA:83,3,0,2
BRDA:83,3,1,0
BRDA:84,4,0,0
BRDA:84,4,1,2
BRDA:85,5,0,0
BRDA:85,5,1,2
BRDA:88,6,0,2
BRDA:88,6,1,2
BRDA:90,7,0,0
BRDA:90,7,1,2
BRDA:96,8,0,0
BRDA:96,8,1,2
BRDA:102,9,0,0
BRDA:102,9,1,2
BRDA:108,10,0,0
BRDA:108,10,1,2
BRDA:115,11,0,0
BRDA:115,11,1,2
BRDA:121,12,0,0
BRDA:121,12,1,2
BRDA:127,13,0,0
BRDA:127,13,1,2
BRDA:133,14,0,0
BRDA:133,14,1,2
BRDA:140,15,0,0
BRDA:140,15,1,2
BRDA:146,16,0,0
BRDA:146,16,1,2
BRDA:152,17,0,0
BRDA:152,17,1,2
BRDA:158,18,0,0
BRDA:158,18,1,2
BRDA:165,19,0,0
BRDA:165,19,1,2
BRDA:171,20,0,0
BRDA:171,20,1,2
BRDA:177,21,0,0
BRDA:177,21,1,2
BRDA:183,22,0,0
BRDA:183,22,1,2
BRDA:190,23,0,0
BRDA:190,23,1,2
BRDA:196,24,0,0
BRDA:196,24,1,2
BRDA:202,25,0,0
BRDA:202,25,1,2
BRDA:208,26,0,0
BRDA:208,26,1,2
BRDA:214,27,0,0
BRDA:214,27,1,2
BRDA:220,28,0,0
BRDA:220,28,1,2
BRDA:226,29,0,0
BRDA:226,29,1,2
BRDA:232,30,0,0
BRDA:232,30,1,2
BRDA:239,31,0,0
BRDA:239,31,1,2
BRDA:245,32,0,0
BRDA:245,32,1,2
BRDA:251,33,0,0
BRDA:251,33,1,2
BRDA:257,34,0,0
BRDA:257,34,1,2
BRDA:263,35,0,0
BRDA:263,35,1,2
BRDA:269,36,0,0
BRDA:269,36,1,2
BRDA:275,37,0,0
BRDA:275,37,1,2
BRDA:281,38,0,0
BRDA:281,38,1,2
BRDA:290,39,0,2
BRDA:290,39,1,0
BRDA:292,40,0,0
BRDA:292,40,1,0
BRDA:298,41,0,0
BRDA:298,41,1,0
BRDA:304,42,0,0
BRDA:304,42,1,0
BRDA:310,43,0,0
BRDA:310,43,1,0
BRDA:317,44,0,0
BRDA:317,44,1,0
BRDA:323,45,0,0
BRDA:323,45,1,0
BRDA:329,46,0,0
BRDA:329,46,1,0
BRDA:335,47,0,0
BRDA:335,47,1,0
BRDA:344,48,0,2
BRDA:344,48,1,0
BRDA:346,49,0,0
BRDA:346,49,1,0
BRDA:352,50,0,0
BRDA:352,50,1,0
BRDA:358,51,0,0
BRDA:358,51,1,0
BRDA:364,52,0,0
BRDA:364,52,1,0
BRF:106
BRH:39
end_of_record
TN:
SF:src/components/Superlatives.jsx
FN:5,(anonymous_0)
FN:9,(anonymous_1)
FNF:2
FNH:2
FNDA:7,(anonymous_0)
FNDA:4,(anonymous_1)
DA:6,7
DA:10,4
LF:2
LH:2
BRDA:12,0,0,2
BRDA:12,0,1,2
BRDA:16,1,0,0
BRDA:16,1,1,4
BRDA:26,2,0,2
BRDA:26,2,1,2
BRDA:30,3,0,0
BRDA:30,3,1,4
BRDA:30,4,0,4
BRDA:30,4,1,4
BRF:10
BRH:8
end_of_record
TN:
SF:src/css/AboutCSS.js
FNF:0
FNH:0
DA:4,2
LF:1
LH:1
BRF:0
BRH:0
end_of_record
TN:
SF:src/css/AboutCopyCSS.js
FNF:0
FNH:0
DA:3,3
LF:1
LH:1
BRF:0
BRH:0
end_of_record
TN:
SF:src/css/CarouselCSS.js
FNF:0
FNH:0
DA:3,3
LF:1
LH:1
BRF:0
BRH:0
end_of_record
TN:
SF:src/css/GoodToKnowCSS.js
FNF:0
FNH:0
DA:3,3
LF:1
LH:1
BRF:0
BRH:0
end_of_record
TN:
SF:src/css/HotelClassCSS.js
FNF:0
FNH:0
DA:3,4
LF:1
LH:1
BRF:0
BRH:0
end_of_record
TN:
SF:src/css/HotelLinksCSS.js
FNF:0
FNH:0
DA:3,3
LF:1
LH:1
BRF:0
BRH:0
end_of_record
TN:
SF:src/css/PropertyAmenitiesCSS.js
FNF:0
FNH:0
DA:3,3
LF:1
LH:1
BRF:0
BRH:0
end_of_record
TN:
SF:src/css/RatingsCSS.js
FNF:0
FNH:0
DA:3,3
LF:1
LH:1
BRF:0
BRH:0
end_of_record
TN:
SF:src/css/RatingsCirclesCSS.js
FNF:0
FNH:0
DA:3,4
LF:1
LH:1
BRF:0
BRH:0
end_of_record
TN:
SF:src/css/RoomFeaturesCSS.js
FNF:0
FNH:0
DA:3,3
LF:1
LH:1
BRF:0
BRH:0
end_of_record
TN:
SF:src/css/RoomTypesCSS.js
FNF:0
FNH:0
DA:3,3
LF:1
LH:1
BRF:0
BRH:0
end_of_record
TN:
SF:src/css/ShowMoreCSS.js
FNF:0
FNH:0
DA:3,4
LF:1
LH:1
BRF:0
BRH:0
end_of_record
TN:
SF:src/css/SuperlativesCSS.js
FNF:0
FNH:0
DA:5,3
LF:1
LH:1
BRF:0
BRH:0
end_of_record
